2022-12-10 17:05:15,596:INFO:PyCaret Supervised Module
2022-12-10 17:05:15,596:INFO:ML Usecase: classification
2022-12-10 17:05:15,597:INFO:version 2.2.3
2022-12-10 17:05:15,597:INFO:Initializing setup()
2022-12-10 17:05:15,597:INFO:setup(target=Sentiment, ml_usecase=classification, available_plots={'parameter': 'Hyperparameters', 'auc': 'AUC', 'confusion_matrix': 'Confusion Matrix', 'threshold': 'Threshold', 'pr': 'Precision Recall', 'error': 'Prediction Error', 'class_report': 'Class Report', 'rfe': 'Feature Selection', 'learning': 'Learning Curve', 'manifold': 'Manifold Learning', 'calibration': 'Calibration Curve', 'vc': 'Validation Curve', 'dimension': 'Dimensions', 'feature': 'Feature Importance', 'feature_all': 'Feature Importance (All)', 'boundary': 'Decision Boundary', 'lift': 'Lift Chart', 'gain': 'Gain Chart', 'tree': 'Decision Tree'}, train_size=0.2, test_data=None, preprocess=True, imputation_type=simple, iterative_imputation_iters=5, categorical_features=None, categorical_imputation=constant, categorical_iterative_imputer=lightgbm, ordinal_features=None, high_cardinality_features=None, high_cardinality_method=frequency, numeric_features=None, numeric_imputation=mean, numeric_iterative_imputer=lightgbm, date_features=None, ignore_features=None, normalize=False, normalize_method=zscore, transformation=False, transformation_method=yeo-johnson, handle_unknown_categorical=True, unknown_categorical_method=least_frequent, pca=False, pca_method=linear, pca_components=None, ignore_low_variance=False, combine_rare_levels=False, rare_level_threshold=0.1, bin_numeric_features=None, remove_outliers=False, outliers_threshold=0.05, remove_multicollinearity=False, multicollinearity_threshold=0.9, remove_perfect_collinearity=True, create_clusters=False, cluster_iter=20, polynomial_features=False, polynomial_degree=2, trigonometry_features=False, polynomial_threshold=0.1, group_features=None, group_names=None, feature_selection=False, feature_selection_threshold=0.8, feature_selection_method=classic, feature_interaction=False, feature_ratio=False, interaction_threshold=0.01, fix_imbalance=False, fix_imbalance_method=None, transform_target=False, transform_target_method=box-cox, data_split_shuffle=True, data_split_stratify=False, fold_strategy=stratifiedkfold, fold=10, fold_shuffle=False, fold_groups=None, n_jobs=-1, use_gpu=False, custom_pipeline=None, html=True, session_id=123, log_experiment=False, experiment_name=None, log_plots=False, log_profile=False, log_data=False, silent=False, verbose=True, profile=False, profile_kwargs=None, display=None)
2022-12-10 17:05:15,599:INFO:Checking environment
2022-12-10 17:05:15,599:INFO:python_version: 3.9.12
2022-12-10 17:05:15,599:INFO:python_build: ('main', 'Apr  4 2022 05:22:27')
2022-12-10 17:05:15,599:INFO:machine: AMD64
2022-12-10 17:05:15,599:INFO:platform: Windows-10-10.0.22000-SP0
2022-12-10 17:05:15,599:INFO:Memory: svmem(total=42312536064, available=27011526656, percent=36.2, used=15301009408, free=27011526656)
2022-12-10 17:05:15,599:INFO:Physical Core: 8
2022-12-10 17:05:15,599:INFO:Logical Core: 16
2022-12-10 17:05:15,599:INFO:Checking libraries
2022-12-10 17:05:15,599:INFO:pd==1.4.2
2022-12-10 17:05:15,599:INFO:numpy==1.21.5
2022-12-10 17:05:15,599:INFO:sklearn==1.0.2
2022-12-10 17:05:15,653:INFO:xgboost==1.6.1
2022-12-10 17:05:15,653:INFO:lightgbm==3.3.2
2022-12-10 17:05:15,744:INFO:catboost==1.0.4
2022-12-10 17:05:16,942:INFO:mlflow==1.30.0
2022-12-10 17:05:16,942:INFO:Checking Exceptions
2022-12-10 17:05:16,943:INFO:Declaring global variables
2022-12-10 17:05:16,943:INFO:USI: 5d9e
2022-12-10 17:05:16,943:INFO:pycaret_globals: {'data_before_preprocess', 'y_test', 'create_model_container', 'imputation_regressor', 'y_train', 'pycaret_globals', '_all_metrics', 'iterative_imputation_iters_param', '_internal_pipeline', 'X_test', 'n_jobs_param', 'target_param', '_ml_usecase', 'transform_target_method_param', 'USI', 'stratify_param', 'experiment__', 'master_model_container', '_available_plots', '_all_models_internal', 'fix_imbalance_param', 'html_param', 'imputation_classifier', 'fix_imbalance_method_param', 'logging_param', 'fold_shuffle_param', 'fold_param', 'X_train', 'seed', 'gpu_param', 'X', 'display_container', 'exp_name_log', '_gpu_n_jobs_param', 'fold_generator', 'log_plots_param', 'fold_groups_param', 'prep_pipe', 'transform_target_param', 'y', '_all_models'}
2022-12-10 17:05:16,943:INFO:Preparing display monitor
2022-12-10 17:05:16,943:INFO:Preparing display monitor
2022-12-10 17:05:16,955:INFO:Importing libraries
2022-12-10 17:05:16,956:INFO:Copying data for preprocessing
2022-12-10 17:05:16,964:INFO:Declaring preprocessing parameters
2022-12-10 17:05:16,966:INFO:Creating preprocessing pipeline
2022-12-10 17:05:16,970:INFO:Preprocessing pipeline created successfully
2022-12-10 17:05:16,971:ERROR:(Process Exit): setup has been interupted with user command 'quit'. setup must rerun.
2022-12-10 17:05:16,971:INFO:Creating global containers
2022-12-10 17:06:15,870:INFO:PyCaret Supervised Module
2022-12-10 17:06:15,870:INFO:ML Usecase: classification
2022-12-10 17:06:15,870:INFO:version 2.2.3
2022-12-10 17:06:15,871:INFO:Initializing setup()
2022-12-10 17:06:15,871:INFO:setup(target=Sentiment, ml_usecase=classification, available_plots={'parameter': 'Hyperparameters', 'auc': 'AUC', 'confusion_matrix': 'Confusion Matrix', 'threshold': 'Threshold', 'pr': 'Precision Recall', 'error': 'Prediction Error', 'class_report': 'Class Report', 'rfe': 'Feature Selection', 'learning': 'Learning Curve', 'manifold': 'Manifold Learning', 'calibration': 'Calibration Curve', 'vc': 'Validation Curve', 'dimension': 'Dimensions', 'feature': 'Feature Importance', 'feature_all': 'Feature Importance (All)', 'boundary': 'Decision Boundary', 'lift': 'Lift Chart', 'gain': 'Gain Chart', 'tree': 'Decision Tree'}, train_size=0.2, test_data=None, preprocess=True, imputation_type=simple, iterative_imputation_iters=5, categorical_features=None, categorical_imputation=constant, categorical_iterative_imputer=lightgbm, ordinal_features=None, high_cardinality_features=None, high_cardinality_method=frequency, numeric_features=None, numeric_imputation=mean, numeric_iterative_imputer=lightgbm, date_features=None, ignore_features=None, normalize=False, normalize_method=zscore, transformation=False, transformation_method=yeo-johnson, handle_unknown_categorical=True, unknown_categorical_method=least_frequent, pca=False, pca_method=linear, pca_components=None, ignore_low_variance=False, combine_rare_levels=False, rare_level_threshold=0.1, bin_numeric_features=None, remove_outliers=False, outliers_threshold=0.05, remove_multicollinearity=False, multicollinearity_threshold=0.9, remove_perfect_collinearity=True, create_clusters=False, cluster_iter=20, polynomial_features=False, polynomial_degree=2, trigonometry_features=False, polynomial_threshold=0.1, group_features=None, group_names=None, feature_selection=False, feature_selection_threshold=0.8, feature_selection_method=classic, feature_interaction=False, feature_ratio=False, interaction_threshold=0.01, fix_imbalance=False, fix_imbalance_method=None, transform_target=False, transform_target_method=box-cox, data_split_shuffle=True, data_split_stratify=False, fold_strategy=stratifiedkfold, fold=10, fold_shuffle=False, fold_groups=None, n_jobs=-1, use_gpu=False, custom_pipeline=None, html=True, session_id=123, log_experiment=False, experiment_name=None, log_plots=False, log_profile=False, log_data=False, silent=False, verbose=True, profile=False, profile_kwargs=None, display=None)
2022-12-10 17:06:15,871:INFO:Checking environment
2022-12-10 17:06:15,871:INFO:python_version: 3.9.12
2022-12-10 17:06:15,871:INFO:python_build: ('main', 'Apr  4 2022 05:22:27')
2022-12-10 17:06:15,871:INFO:machine: AMD64
2022-12-10 17:06:15,871:INFO:platform: Windows-10-10.0.22000-SP0
2022-12-10 17:06:15,871:INFO:Memory: svmem(total=42312536064, available=26917441536, percent=36.4, used=15395094528, free=26917441536)
2022-12-10 17:06:15,871:INFO:Physical Core: 8
2022-12-10 17:06:15,871:INFO:Logical Core: 16
2022-12-10 17:06:15,871:INFO:Checking libraries
2022-12-10 17:06:15,871:INFO:pd==1.4.2
2022-12-10 17:06:15,871:INFO:numpy==1.21.5
2022-12-10 17:06:15,871:INFO:sklearn==1.0.2
2022-12-10 17:06:15,871:INFO:xgboost==1.6.1
2022-12-10 17:06:15,872:INFO:lightgbm==3.3.2
2022-12-10 17:06:15,872:INFO:catboost==1.0.4
2022-12-10 17:06:15,872:INFO:mlflow==1.30.0
2022-12-10 17:06:15,872:INFO:Checking Exceptions
2022-12-10 17:06:15,872:INFO:Declaring global variables
2022-12-10 17:06:15,872:INFO:USI: 9672
2022-12-10 17:06:15,872:INFO:pycaret_globals: {'data_before_preprocess', 'y_test', 'create_model_container', 'imputation_regressor', 'y_train', 'pycaret_globals', '_all_metrics', 'iterative_imputation_iters_param', '_internal_pipeline', 'X_test', 'n_jobs_param', 'target_param', '_ml_usecase', 'transform_target_method_param', 'USI', 'stratify_param', 'experiment__', 'master_model_container', '_available_plots', '_all_models_internal', 'fix_imbalance_param', 'html_param', 'imputation_classifier', 'fix_imbalance_method_param', 'logging_param', 'fold_shuffle_param', 'fold_param', 'X_train', 'seed', 'gpu_param', 'X', 'display_container', 'exp_name_log', '_gpu_n_jobs_param', 'fold_generator', 'log_plots_param', 'fold_groups_param', 'prep_pipe', 'transform_target_param', 'y', '_all_models'}
2022-12-10 17:06:15,872:INFO:Preparing display monitor
2022-12-10 17:06:15,872:INFO:Preparing display monitor
2022-12-10 17:06:15,885:INFO:Importing libraries
2022-12-10 17:06:15,885:INFO:Copying data for preprocessing
2022-12-10 17:06:15,895:INFO:Declaring preprocessing parameters
2022-12-10 17:06:15,896:INFO:Creating preprocessing pipeline
2022-12-10 17:06:15,901:INFO:Preprocessing pipeline created successfully
2022-12-10 17:06:15,901:ERROR:(Process Exit): setup has been interupted with user command 'quit'. setup must rerun.
2022-12-10 17:06:15,901:INFO:Creating global containers
2022-12-10 17:06:54,556:INFO:PyCaret Supervised Module
2022-12-10 17:06:54,556:INFO:ML Usecase: classification
2022-12-10 17:06:54,556:INFO:version 2.2.3
2022-12-10 17:06:54,556:INFO:Initializing setup()
2022-12-10 17:06:54,556:INFO:setup(target=Sentiment, ml_usecase=classification, available_plots={'parameter': 'Hyperparameters', 'auc': 'AUC', 'confusion_matrix': 'Confusion Matrix', 'threshold': 'Threshold', 'pr': 'Precision Recall', 'error': 'Prediction Error', 'class_report': 'Class Report', 'rfe': 'Feature Selection', 'learning': 'Learning Curve', 'manifold': 'Manifold Learning', 'calibration': 'Calibration Curve', 'vc': 'Validation Curve', 'dimension': 'Dimensions', 'feature': 'Feature Importance', 'feature_all': 'Feature Importance (All)', 'boundary': 'Decision Boundary', 'lift': 'Lift Chart', 'gain': 'Gain Chart', 'tree': 'Decision Tree'}, train_size=0.7, test_data=None, preprocess=True, imputation_type=simple, iterative_imputation_iters=5, categorical_features=None, categorical_imputation=constant, categorical_iterative_imputer=lightgbm, ordinal_features=None, high_cardinality_features=None, high_cardinality_method=frequency, numeric_features=None, numeric_imputation=mean, numeric_iterative_imputer=lightgbm, date_features=None, ignore_features=None, normalize=False, normalize_method=zscore, transformation=False, transformation_method=yeo-johnson, handle_unknown_categorical=True, unknown_categorical_method=least_frequent, pca=False, pca_method=linear, pca_components=None, ignore_low_variance=False, combine_rare_levels=False, rare_level_threshold=0.1, bin_numeric_features=None, remove_outliers=False, outliers_threshold=0.05, remove_multicollinearity=False, multicollinearity_threshold=0.9, remove_perfect_collinearity=True, create_clusters=False, cluster_iter=20, polynomial_features=False, polynomial_degree=2, trigonometry_features=False, polynomial_threshold=0.1, group_features=None, group_names=None, feature_selection=False, feature_selection_threshold=0.8, feature_selection_method=classic, feature_interaction=False, feature_ratio=False, interaction_threshold=0.01, fix_imbalance=False, fix_imbalance_method=None, transform_target=False, transform_target_method=box-cox, data_split_shuffle=True, data_split_stratify=False, fold_strategy=stratifiedkfold, fold=10, fold_shuffle=False, fold_groups=None, n_jobs=-1, use_gpu=False, custom_pipeline=None, html=True, session_id=123, log_experiment=False, experiment_name=None, log_plots=False, log_profile=False, log_data=False, silent=False, verbose=True, profile=False, profile_kwargs=None, display=None)
2022-12-10 17:06:54,557:INFO:Checking environment
2022-12-10 17:06:54,557:INFO:python_version: 3.9.12
2022-12-10 17:06:54,557:INFO:python_build: ('main', 'Apr  4 2022 05:22:27')
2022-12-10 17:06:54,557:INFO:machine: AMD64
2022-12-10 17:06:54,558:INFO:platform: Windows-10-10.0.22000-SP0
2022-12-10 17:06:54,558:INFO:Memory: svmem(total=42312536064, available=26941997056, percent=36.3, used=15370539008, free=26941997056)
2022-12-10 17:06:54,558:INFO:Physical Core: 8
2022-12-10 17:06:54,558:INFO:Logical Core: 16
2022-12-10 17:06:54,558:INFO:Checking libraries
2022-12-10 17:06:54,558:INFO:pd==1.4.2
2022-12-10 17:06:54,558:INFO:numpy==1.21.5
2022-12-10 17:06:54,558:INFO:sklearn==1.0.2
2022-12-10 17:06:54,558:INFO:xgboost==1.6.1
2022-12-10 17:06:54,558:INFO:lightgbm==3.3.2
2022-12-10 17:06:54,558:INFO:catboost==1.0.4
2022-12-10 17:06:54,558:INFO:mlflow==1.30.0
2022-12-10 17:06:54,558:INFO:Checking Exceptions
2022-12-10 17:06:54,558:INFO:Declaring global variables
2022-12-10 17:06:54,558:INFO:USI: cd2f
2022-12-10 17:06:54,558:INFO:pycaret_globals: {'data_before_preprocess', 'y_test', 'create_model_container', 'imputation_regressor', 'y_train', 'pycaret_globals', '_all_metrics', 'iterative_imputation_iters_param', '_internal_pipeline', 'X_test', 'n_jobs_param', 'target_param', '_ml_usecase', 'transform_target_method_param', 'USI', 'stratify_param', 'experiment__', 'master_model_container', '_available_plots', '_all_models_internal', 'fix_imbalance_param', 'html_param', 'imputation_classifier', 'fix_imbalance_method_param', 'logging_param', 'fold_shuffle_param', 'fold_param', 'X_train', 'seed', 'gpu_param', 'X', 'display_container', 'exp_name_log', '_gpu_n_jobs_param', 'fold_generator', 'log_plots_param', 'fold_groups_param', 'prep_pipe', 'transform_target_param', 'y', '_all_models'}
2022-12-10 17:06:54,558:INFO:Preparing display monitor
2022-12-10 17:06:54,558:INFO:Preparing display monitor
2022-12-10 17:06:54,569:INFO:Importing libraries
2022-12-10 17:06:54,569:INFO:Copying data for preprocessing
2022-12-10 17:06:54,576:INFO:Declaring preprocessing parameters
2022-12-10 17:06:54,578:INFO:Creating preprocessing pipeline
2022-12-10 17:06:54,582:INFO:Preprocessing pipeline created successfully
2022-12-10 17:06:54,583:ERROR:(Process Exit): setup has been interupted with user command 'quit'. setup must rerun.
2022-12-10 17:06:54,583:INFO:Creating global containers
2022-12-10 17:07:33,877:INFO:PyCaret Supervised Module
2022-12-10 17:07:33,877:INFO:ML Usecase: classification
2022-12-10 17:07:33,877:INFO:version 2.2.3
2022-12-10 17:07:33,877:INFO:Initializing setup()
2022-12-10 17:07:33,877:INFO:setup(target=Sentiment, ml_usecase=classification, available_plots={'parameter': 'Hyperparameters', 'auc': 'AUC', 'confusion_matrix': 'Confusion Matrix', 'threshold': 'Threshold', 'pr': 'Precision Recall', 'error': 'Prediction Error', 'class_report': 'Class Report', 'rfe': 'Feature Selection', 'learning': 'Learning Curve', 'manifold': 'Manifold Learning', 'calibration': 'Calibration Curve', 'vc': 'Validation Curve', 'dimension': 'Dimensions', 'feature': 'Feature Importance', 'feature_all': 'Feature Importance (All)', 'boundary': 'Decision Boundary', 'lift': 'Lift Chart', 'gain': 'Gain Chart', 'tree': 'Decision Tree'}, train_size=0.7, test_data=None, preprocess=True, imputation_type=simple, iterative_imputation_iters=5, categorical_features=None, categorical_imputation=constant, categorical_iterative_imputer=lightgbm, ordinal_features=None, high_cardinality_features=None, high_cardinality_method=frequency, numeric_features=None, numeric_imputation=mean, numeric_iterative_imputer=lightgbm, date_features=None, ignore_features=None, normalize=False, normalize_method=zscore, transformation=False, transformation_method=yeo-johnson, handle_unknown_categorical=True, unknown_categorical_method=least_frequent, pca=False, pca_method=linear, pca_components=None, ignore_low_variance=False, combine_rare_levels=False, rare_level_threshold=0.1, bin_numeric_features=None, remove_outliers=False, outliers_threshold=0.05, remove_multicollinearity=False, multicollinearity_threshold=0.9, remove_perfect_collinearity=True, create_clusters=False, cluster_iter=20, polynomial_features=False, polynomial_degree=2, trigonometry_features=False, polynomial_threshold=0.1, group_features=None, group_names=None, feature_selection=False, feature_selection_threshold=0.8, feature_selection_method=classic, feature_interaction=False, feature_ratio=False, interaction_threshold=0.01, fix_imbalance=False, fix_imbalance_method=None, transform_target=False, transform_target_method=box-cox, data_split_shuffle=True, data_split_stratify=False, fold_strategy=stratifiedkfold, fold=10, fold_shuffle=True, fold_groups=None, n_jobs=-1, use_gpu=False, custom_pipeline=None, html=True, session_id=2, log_experiment=False, experiment_name=None, log_plots=False, log_profile=False, log_data=False, silent=False, verbose=True, profile=False, profile_kwargs=None, display=None)
2022-12-10 17:07:33,877:INFO:Checking environment
2022-12-10 17:07:33,877:INFO:python_version: 3.9.12
2022-12-10 17:07:33,877:INFO:python_build: ('main', 'Apr  4 2022 05:22:27')
2022-12-10 17:07:33,877:INFO:machine: AMD64
2022-12-10 17:07:33,877:INFO:platform: Windows-10-10.0.22000-SP0
2022-12-10 17:07:33,877:INFO:Memory: svmem(total=42312536064, available=26649522176, percent=37.0, used=15663013888, free=26649522176)
2022-12-10 17:07:33,878:INFO:Physical Core: 8
2022-12-10 17:07:33,878:INFO:Logical Core: 16
2022-12-10 17:07:33,878:INFO:Checking libraries
2022-12-10 17:07:33,878:INFO:pd==1.4.2
2022-12-10 17:07:33,878:INFO:numpy==1.21.5
2022-12-10 17:07:33,878:INFO:sklearn==1.0.2
2022-12-10 17:07:33,878:INFO:xgboost==1.6.1
2022-12-10 17:07:33,878:INFO:lightgbm==3.3.2
2022-12-10 17:07:33,878:INFO:catboost==1.0.4
2022-12-10 17:07:33,878:INFO:mlflow==1.30.0
2022-12-10 17:07:33,878:INFO:Checking Exceptions
2022-12-10 17:07:33,878:INFO:Declaring global variables
2022-12-10 17:07:33,879:INFO:USI: c47a
2022-12-10 17:07:33,879:INFO:pycaret_globals: {'data_before_preprocess', 'y_test', 'create_model_container', 'imputation_regressor', 'y_train', 'pycaret_globals', '_all_metrics', 'iterative_imputation_iters_param', '_internal_pipeline', 'X_test', 'n_jobs_param', 'target_param', '_ml_usecase', 'transform_target_method_param', 'USI', 'stratify_param', 'experiment__', 'master_model_container', '_available_plots', '_all_models_internal', 'fix_imbalance_param', 'html_param', 'imputation_classifier', 'fix_imbalance_method_param', 'logging_param', 'fold_shuffle_param', 'fold_param', 'X_train', 'seed', 'gpu_param', 'X', 'display_container', 'exp_name_log', '_gpu_n_jobs_param', 'fold_generator', 'log_plots_param', 'fold_groups_param', 'prep_pipe', 'transform_target_param', 'y', '_all_models'}
2022-12-10 17:07:33,879:INFO:Preparing display monitor
2022-12-10 17:07:33,879:INFO:Preparing display monitor
2022-12-10 17:07:33,891:INFO:Importing libraries
2022-12-10 17:07:33,891:INFO:Copying data for preprocessing
2022-12-10 17:07:33,900:INFO:Declaring preprocessing parameters
2022-12-10 17:07:33,902:INFO:Creating preprocessing pipeline
2022-12-10 17:07:33,908:INFO:Preprocessing pipeline created successfully
2022-12-10 17:07:33,909:ERROR:(Process Exit): setup has been interupted with user command 'quit'. setup must rerun.
2022-12-10 17:07:33,909:INFO:Creating global containers
2022-12-10 17:07:33,909:INFO:Internal pipeline: Pipeline(memory=None, steps=[('empty_step', 'passthrough')], verbose=False)
2022-12-10 17:09:03,817:INFO:Creating grid variables
2022-12-10 17:09:03,831:INFO:create_model_container: 0
2022-12-10 17:09:03,831:INFO:master_model_container: 0
2022-12-10 17:09:03,831:INFO:display_container: 1
2022-12-10 17:10:11,021:INFO:Initializing compare_models()
2022-12-10 17:10:11,021:INFO:compare_models(include=None, fold=None, round=4, cross_validation=True, sort=Accuracy, n_select=1, budget_time=None, turbo=True, errors=ignore, fit_kwargs=None, groups=None, verbose=True, display=None, exclude=None)
2022-12-10 17:10:11,021:INFO:Checking exceptions
2022-12-10 17:10:11,023:INFO:Preparing display monitor
2022-12-10 17:10:11,023:INFO:Preparing display monitor
2022-12-10 17:10:11,049:INFO:Initializing Logistic Regression
2022-12-10 17:10:11,049:INFO:Total runtime is 0.0 minutes
2022-12-10 17:10:11,058:INFO:SubProcess create_model() called ==================================
2022-12-10 17:10:11,059:INFO:Initializing create_model()
2022-12-10 17:10:11,059:INFO:create_model(estimator=lr, fold=StratifiedKFold(n_splits=10, random_state=2, shuffle=True), round=4, cross_validation=True, predict=True, fit_kwargs={}, groups=None, refit=False, verbose=False, system=False, metrics=None, display=<pycaret.internal.Display.Display object at 0x000001FF5F204B20>, kwargs={})
2022-12-10 17:10:11,060:INFO:Checking exceptions
2022-12-10 17:10:11,060:INFO:Importing libraries
2022-12-10 17:10:11,061:INFO:Copying training dataset
2022-12-10 17:10:11,195:INFO:Defining folds
2022-12-10 17:10:11,195:INFO:Declaring metric variables
2022-12-10 17:10:11,202:INFO:Importing untrained model
2022-12-10 17:10:11,212:INFO:Logistic Regression Imported succesfully
2022-12-10 17:10:11,229:INFO:Starting cross validation
2022-12-10 17:10:11,230:INFO:Cross validating with StratifiedKFold(n_splits=10, random_state=2, shuffle=True), n_jobs=-1
2022-12-10 17:10:44,773:INFO:Calculating mean and std
2022-12-10 17:10:44,775:INFO:Creating metrics dataframe
2022-12-10 17:10:44,828:INFO:Uploading results into container
2022-12-10 17:10:44,828:INFO:Uploading model into container now
2022-12-10 17:10:44,829:INFO:create_model_container: 1
2022-12-10 17:10:44,829:INFO:master_model_container: 1
2022-12-10 17:10:44,829:INFO:display_container: 2
2022-12-10 17:10:44,829:INFO:LogisticRegression(C=1.0, class_weight=None, dual=False, fit_intercept=True,
                   intercept_scaling=1, l1_ratio=None, max_iter=1000,
                   multi_class='auto', n_jobs=None, penalty='l2',
                   random_state=2, solver='lbfgs', tol=0.0001, verbose=0,
                   warm_start=False)
2022-12-10 17:10:44,829:INFO:create_model() succesfully completed......................................
2022-12-10 17:10:45,245:INFO:SubProcess create_model() end ==================================
2022-12-10 17:10:45,245:INFO:Creating metrics dataframe
2022-12-10 17:10:45,269:INFO:Initializing K Neighbors Classifier
2022-12-10 17:10:45,270:INFO:Total runtime is 0.5703498681386312 minutes
2022-12-10 17:10:45,275:INFO:SubProcess create_model() called ==================================
2022-12-10 17:10:45,276:INFO:Initializing create_model()
2022-12-10 17:10:45,276:INFO:create_model(estimator=knn, fold=StratifiedKFold(n_splits=10, random_state=2, shuffle=True), round=4, cross_validation=True, predict=True, fit_kwargs={}, groups=None, refit=False, verbose=False, system=False, metrics=None, display=<pycaret.internal.Display.Display object at 0x000001FF5F204B20>, kwargs={})
2022-12-10 17:10:45,276:INFO:Checking exceptions
2022-12-10 17:10:45,276:INFO:Importing libraries
2022-12-10 17:10:45,276:INFO:Copying training dataset
2022-12-10 17:10:45,408:INFO:Defining folds
2022-12-10 17:10:45,408:INFO:Declaring metric variables
2022-12-10 17:10:45,414:INFO:Importing untrained model
2022-12-10 17:10:45,422:INFO:K Neighbors Classifier Imported succesfully
2022-12-10 17:10:45,437:INFO:Starting cross validation
2022-12-10 17:10:45,438:INFO:Cross validating with StratifiedKFold(n_splits=10, random_state=2, shuffle=True), n_jobs=-1
2022-12-10 17:12:48,881:INFO:Calculating mean and std
2022-12-10 17:12:48,882:INFO:Creating metrics dataframe
2022-12-10 17:12:48,939:INFO:Uploading results into container
2022-12-10 17:12:48,939:INFO:Uploading model into container now
2022-12-10 17:12:48,939:INFO:create_model_container: 2
2022-12-10 17:12:48,939:INFO:master_model_container: 2
2022-12-10 17:12:48,939:INFO:display_container: 2
2022-12-10 17:12:48,940:INFO:KNeighborsClassifier(algorithm='auto', leaf_size=30, metric='minkowski',
                     metric_params=None, n_jobs=-1, n_neighbors=5, p=2,
                     weights='uniform')
2022-12-10 17:12:48,940:INFO:create_model() succesfully completed......................................
2022-12-10 17:12:49,247:INFO:SubProcess create_model() end ==================================
2022-12-10 17:12:49,248:INFO:Creating metrics dataframe
2022-12-10 17:12:49,281:INFO:Initializing Naive Bayes
2022-12-10 17:12:49,282:INFO:Total runtime is 2.6372123877207434 minutes
2022-12-10 17:12:49,290:INFO:SubProcess create_model() called ==================================
2022-12-10 17:12:49,290:INFO:Initializing create_model()
2022-12-10 17:12:49,290:INFO:create_model(estimator=nb, fold=StratifiedKFold(n_splits=10, random_state=2, shuffle=True), round=4, cross_validation=True, predict=True, fit_kwargs={}, groups=None, refit=False, verbose=False, system=False, metrics=None, display=<pycaret.internal.Display.Display object at 0x000001FF5F204B20>, kwargs={})
2022-12-10 17:12:49,290:INFO:Checking exceptions
2022-12-10 17:12:49,290:INFO:Importing libraries
2022-12-10 17:12:49,290:INFO:Copying training dataset
2022-12-10 17:12:49,430:INFO:Defining folds
2022-12-10 17:12:49,430:INFO:Declaring metric variables
2022-12-10 17:12:49,436:INFO:Importing untrained model
2022-12-10 17:12:49,443:INFO:Naive Bayes Imported succesfully
2022-12-10 17:12:49,458:INFO:Starting cross validation
2022-12-10 17:12:49,459:INFO:Cross validating with StratifiedKFold(n_splits=10, random_state=2, shuffle=True), n_jobs=-1
2022-12-10 17:12:59,290:INFO:Calculating mean and std
2022-12-10 17:12:59,292:INFO:Creating metrics dataframe
2022-12-10 17:12:59,331:INFO:Uploading results into container
2022-12-10 17:12:59,331:INFO:Uploading model into container now
2022-12-10 17:12:59,332:INFO:create_model_container: 3
2022-12-10 17:12:59,332:INFO:master_model_container: 3
2022-12-10 17:12:59,332:INFO:display_container: 2
2022-12-10 17:12:59,332:INFO:GaussianNB(priors=None, var_smoothing=1e-09)
2022-12-10 17:12:59,332:INFO:create_model() succesfully completed......................................
2022-12-10 17:12:59,607:INFO:SubProcess create_model() end ==================================
2022-12-10 17:12:59,607:INFO:Creating metrics dataframe
2022-12-10 17:12:59,637:INFO:Initializing Decision Tree Classifier
2022-12-10 17:12:59,638:INFO:Total runtime is 2.8098134557406103 minutes
2022-12-10 17:12:59,643:INFO:SubProcess create_model() called ==================================
2022-12-10 17:12:59,644:INFO:Initializing create_model()
2022-12-10 17:12:59,644:INFO:create_model(estimator=dt, fold=StratifiedKFold(n_splits=10, random_state=2, shuffle=True), round=4, cross_validation=True, predict=True, fit_kwargs={}, groups=None, refit=False, verbose=False, system=False, metrics=None, display=<pycaret.internal.Display.Display object at 0x000001FF5F204B20>, kwargs={})
2022-12-10 17:12:59,644:INFO:Checking exceptions
2022-12-10 17:12:59,644:INFO:Importing libraries
2022-12-10 17:12:59,644:INFO:Copying training dataset
2022-12-10 17:12:59,767:INFO:Defining folds
2022-12-10 17:12:59,767:INFO:Declaring metric variables
2022-12-10 17:12:59,774:INFO:Importing untrained model
2022-12-10 17:12:59,781:INFO:Decision Tree Classifier Imported succesfully
2022-12-10 17:12:59,797:INFO:Starting cross validation
2022-12-10 17:12:59,797:INFO:Cross validating with StratifiedKFold(n_splits=10, random_state=2, shuffle=True), n_jobs=-1
2022-12-10 17:41:35,982:INFO:Calculating mean and std
2022-12-10 17:41:35,986:INFO:Creating metrics dataframe
2022-12-10 17:41:36,066:INFO:Uploading results into container
2022-12-10 17:41:36,067:INFO:Uploading model into container now
2022-12-10 17:41:36,067:INFO:create_model_container: 4
2022-12-10 17:41:36,067:INFO:master_model_container: 4
2022-12-10 17:41:36,067:INFO:display_container: 2
2022-12-10 17:41:36,068:INFO:DecisionTreeClassifier(ccp_alpha=0.0, class_weight=None, criterion='gini',
                       max_depth=None, max_features=None, max_leaf_nodes=None,
                       min_impurity_decrease=0.0, min_samples_leaf=1,
                       min_samples_split=2, min_weight_fraction_leaf=0.0,
                       random_state=2, splitter='best')
2022-12-10 17:41:36,068:INFO:create_model() succesfully completed......................................
2022-12-10 17:41:36,525:INFO:SubProcess create_model() end ==================================
2022-12-10 17:41:36,525:INFO:Creating metrics dataframe
2022-12-10 17:41:36,577:INFO:Initializing SVM - Linear Kernel
2022-12-10 17:41:36,577:INFO:Total runtime is 31.425466207663217 minutes
2022-12-10 17:41:36,591:INFO:SubProcess create_model() called ==================================
2022-12-10 17:41:36,591:INFO:Initializing create_model()
2022-12-10 17:41:36,591:INFO:create_model(estimator=svm, fold=StratifiedKFold(n_splits=10, random_state=2, shuffle=True), round=4, cross_validation=True, predict=True, fit_kwargs={}, groups=None, refit=False, verbose=False, system=False, metrics=None, display=<pycaret.internal.Display.Display object at 0x000001FF5F204B20>, kwargs={})
2022-12-10 17:41:36,591:INFO:Checking exceptions
2022-12-10 17:41:36,592:INFO:Importing libraries
2022-12-10 17:41:36,592:INFO:Copying training dataset
2022-12-10 17:41:36,980:INFO:Defining folds
2022-12-10 17:41:36,980:INFO:Declaring metric variables
2022-12-10 17:41:36,992:INFO:Importing untrained model
2022-12-10 17:41:37,004:INFO:SVM - Linear Kernel Imported succesfully
2022-12-10 17:41:37,029:INFO:Starting cross validation
2022-12-10 17:41:37,030:INFO:Cross validating with StratifiedKFold(n_splits=10, random_state=2, shuffle=True), n_jobs=-1
2022-12-10 17:42:12,877:INFO:Calculating mean and std
2022-12-10 17:42:12,879:INFO:Creating metrics dataframe
2022-12-10 17:42:12,932:INFO:Uploading results into container
2022-12-10 17:42:12,933:INFO:Uploading model into container now
2022-12-10 17:42:12,933:INFO:create_model_container: 5
2022-12-10 17:42:12,933:INFO:master_model_container: 5
2022-12-10 17:42:12,934:INFO:display_container: 2
2022-12-10 17:42:12,935:INFO:SGDClassifier(alpha=0.0001, average=False, class_weight=None,
              early_stopping=False, epsilon=0.1, eta0=0.001, fit_intercept=True,
              l1_ratio=0.15, learning_rate='optimal', loss='hinge',
              max_iter=1000, n_iter_no_change=5, n_jobs=-1, penalty='l2',
              power_t=0.5, random_state=2, shuffle=True, tol=0.001,
              validation_fraction=0.1, verbose=0, warm_start=False)
2022-12-10 17:42:12,935:INFO:create_model() succesfully completed......................................
2022-12-10 17:42:13,278:INFO:SubProcess create_model() end ==================================
2022-12-10 17:42:13,278:INFO:Creating metrics dataframe
2022-12-10 17:42:13,322:INFO:Initializing Ridge Classifier
2022-12-10 17:42:13,323:INFO:Total runtime is 32.037902466456096 minutes
2022-12-10 17:42:13,336:INFO:SubProcess create_model() called ==================================
2022-12-10 17:42:13,336:INFO:Initializing create_model()
2022-12-10 17:42:13,336:INFO:create_model(estimator=ridge, fold=StratifiedKFold(n_splits=10, random_state=2, shuffle=True), round=4, cross_validation=True, predict=True, fit_kwargs={}, groups=None, refit=False, verbose=False, system=False, metrics=None, display=<pycaret.internal.Display.Display object at 0x000001FF5F204B20>, kwargs={})
2022-12-10 17:42:13,337:INFO:Checking exceptions
2022-12-10 17:42:13,337:INFO:Importing libraries
2022-12-10 17:42:13,337:INFO:Copying training dataset
2022-12-10 17:42:13,475:INFO:Defining folds
2022-12-10 17:42:13,476:INFO:Declaring metric variables
2022-12-10 17:42:13,488:INFO:Importing untrained model
2022-12-10 17:42:13,499:INFO:Ridge Classifier Imported succesfully
2022-12-10 17:42:13,524:INFO:Starting cross validation
2022-12-10 17:42:13,525:INFO:Cross validating with StratifiedKFold(n_splits=10, random_state=2, shuffle=True), n_jobs=-1
2022-12-10 17:43:32,140:INFO:Calculating mean and std
2022-12-10 17:43:32,142:INFO:Creating metrics dataframe
2022-12-10 17:43:32,198:INFO:Uploading results into container
2022-12-10 17:43:32,198:INFO:Uploading model into container now
2022-12-10 17:43:32,198:INFO:create_model_container: 6
2022-12-10 17:43:32,199:INFO:master_model_container: 6
2022-12-10 17:43:32,199:INFO:display_container: 2
2022-12-10 17:43:32,199:INFO:RidgeClassifier(alpha=1.0, class_weight=None, copy_X=True, fit_intercept=True,
                max_iter=None, normalize='deprecated', positive=False,
                random_state=2, solver='auto', tol=0.001)
2022-12-10 17:43:32,200:INFO:create_model() succesfully completed......................................
2022-12-10 17:43:32,572:INFO:SubProcess create_model() end ==================================
2022-12-10 17:43:32,572:INFO:Creating metrics dataframe
2022-12-10 17:43:32,622:INFO:Initializing Random Forest Classifier
2022-12-10 17:43:32,623:INFO:Total runtime is 33.35956730445226 minutes
2022-12-10 17:43:32,637:INFO:SubProcess create_model() called ==================================
2022-12-10 17:43:32,638:INFO:Initializing create_model()
2022-12-10 17:43:32,638:INFO:create_model(estimator=rf, fold=StratifiedKFold(n_splits=10, random_state=2, shuffle=True), round=4, cross_validation=True, predict=True, fit_kwargs={}, groups=None, refit=False, verbose=False, system=False, metrics=None, display=<pycaret.internal.Display.Display object at 0x000001FF5F204B20>, kwargs={})
2022-12-10 17:43:32,638:INFO:Checking exceptions
2022-12-10 17:43:32,638:INFO:Importing libraries
2022-12-10 17:43:32,638:INFO:Copying training dataset
2022-12-10 17:43:32,792:INFO:Defining folds
2022-12-10 17:43:32,792:INFO:Declaring metric variables
2022-12-10 17:43:32,803:INFO:Importing untrained model
2022-12-10 17:43:32,816:INFO:Random Forest Classifier Imported succesfully
2022-12-10 17:43:32,842:INFO:Starting cross validation
2022-12-10 17:43:32,844:INFO:Cross validating with StratifiedKFold(n_splits=10, random_state=2, shuffle=True), n_jobs=-1
2022-12-10 17:55:01,322:INFO:Calculating mean and std
2022-12-10 17:55:01,324:INFO:Creating metrics dataframe
2022-12-10 17:55:01,396:INFO:Uploading results into container
2022-12-10 17:55:01,396:INFO:Uploading model into container now
2022-12-10 17:55:01,396:INFO:create_model_container: 7
2022-12-10 17:55:01,397:INFO:master_model_container: 7
2022-12-10 17:55:01,397:INFO:display_container: 2
2022-12-10 17:55:01,397:INFO:RandomForestClassifier(bootstrap=True, ccp_alpha=0.0, class_weight=None,
                       criterion='gini', max_depth=None, max_features='auto',
                       max_leaf_nodes=None, max_samples=None,
                       min_impurity_decrease=0.0, min_samples_leaf=1,
                       min_samples_split=2, min_weight_fraction_leaf=0.0,
                       n_estimators=100, n_jobs=-1, oob_score=False,
                       random_state=2, verbose=0, warm_start=False)
2022-12-10 17:55:01,397:INFO:create_model() succesfully completed......................................
2022-12-10 17:55:01,755:INFO:SubProcess create_model() end ==================================
2022-12-10 17:55:01,756:INFO:Creating metrics dataframe
2022-12-10 17:55:01,805:INFO:Initializing Quadratic Discriminant Analysis
2022-12-10 17:55:01,806:INFO:Total runtime is 44.845947122573854 minutes
2022-12-10 17:55:01,820:INFO:SubProcess create_model() called ==================================
2022-12-10 17:55:01,820:INFO:Initializing create_model()
2022-12-10 17:55:01,821:INFO:create_model(estimator=qda, fold=StratifiedKFold(n_splits=10, random_state=2, shuffle=True), round=4, cross_validation=True, predict=True, fit_kwargs={}, groups=None, refit=False, verbose=False, system=False, metrics=None, display=<pycaret.internal.Display.Display object at 0x000001FF5F204B20>, kwargs={})
2022-12-10 17:55:01,821:INFO:Checking exceptions
2022-12-10 17:55:01,821:INFO:Importing libraries
2022-12-10 17:55:01,821:INFO:Copying training dataset
2022-12-10 17:55:01,974:INFO:Defining folds
2022-12-10 17:55:01,974:INFO:Declaring metric variables
2022-12-10 17:55:01,985:INFO:Importing untrained model
2022-12-10 17:55:01,997:INFO:Quadratic Discriminant Analysis Imported succesfully
2022-12-10 17:55:02,022:INFO:Starting cross validation
2022-12-10 17:55:02,023:INFO:Cross validating with StratifiedKFold(n_splits=10, random_state=2, shuffle=True), n_jobs=-1
2022-12-10 17:59:09,500:INFO:PyCaret Supervised Module
2022-12-10 17:59:09,503:INFO:ML Usecase: clustering
2022-12-10 17:59:09,504:INFO:version 2.2.3
2022-12-10 17:59:09,505:INFO:Initializing setup()
2022-12-10 17:59:09,506:INFO:setup(target=None, ml_usecase=clustering, available_plots={'cluster': 'Cluster PCA Plot (2d)', 'tsne': 'Cluster TSnE (3d)', 'elbow': 'Elbow', 'silhouette': 'Silhouette', 'distance': 'Distance', 'distribution': 'Distribution'}, train_size=0.7, test_data=None, preprocess=True, imputation_type=simple, iterative_imputation_iters=5, categorical_features=None, categorical_imputation=mode, categorical_iterative_imputer=lightgbm, ordinal_features=None, high_cardinality_features=None, high_cardinality_method=frequency, numeric_features=None, numeric_imputation=mean, numeric_iterative_imputer=lightgbm, date_features=None, ignore_features=['MouseID'], normalize=True, normalize_method=zscore, transformation=False, transformation_method=yeo-johnson, handle_unknown_categorical=True, unknown_categorical_method=least_frequent, pca=False, pca_method=linear, pca_components=None, ignore_low_variance=False, combine_rare_levels=False, rare_level_threshold=0.1, bin_numeric_features=None, remove_outliers=False, outliers_threshold=0.05, remove_multicollinearity=False, multicollinearity_threshold=0.9, remove_perfect_collinearity=False, create_clusters=False, cluster_iter=20, polynomial_features=False, polynomial_degree=2, trigonometry_features=False, polynomial_threshold=0.1, group_features=None, group_names=None, feature_selection=False, feature_selection_threshold=0.8, feature_selection_method=classic, feature_interaction=False, feature_ratio=False, interaction_threshold=0.01, fix_imbalance=False, fix_imbalance_method=None, transform_target=False, transform_target_method=box-cox, data_split_shuffle=False, data_split_stratify=False, fold_strategy=kfold, fold=10, fold_shuffle=False, fold_groups=None, n_jobs=-1, use_gpu=False, custom_pipeline=None, html=True, session_id=123, log_experiment=False, experiment_name=None, log_plots=False, log_profile=False, log_data=False, silent=False, verbose=True, profile=False, profile_kwargs=None, display=None)
2022-12-10 17:59:09,506:INFO:Checking environment
2022-12-10 17:59:09,507:INFO:python_version: 3.9.12
2022-12-10 17:59:09,508:INFO:python_build: ('main', 'Apr  4 2022 05:22:27')
2022-12-10 17:59:09,510:INFO:machine: AMD64
2022-12-10 17:59:09,510:INFO:platform: Windows-10-10.0.22000-SP0
2022-12-10 17:59:09,512:INFO:Memory: svmem(total=42312536064, available=10123247616, percent=76.1, used=32189288448, free=10123247616)
2022-12-10 17:59:09,513:INFO:Physical Core: 8
2022-12-10 17:59:09,514:INFO:Logical Core: 16
2022-12-10 17:59:09,516:INFO:Checking libraries
2022-12-10 17:59:09,517:INFO:pd==1.4.2
2022-12-10 17:59:09,518:INFO:numpy==1.21.5
2022-12-10 17:59:09,518:INFO:sklearn==1.0.2
2022-12-10 17:59:09,834:INFO:xgboost==1.6.1
2022-12-10 17:59:09,836:INFO:lightgbm==3.3.2
2022-12-10 17:59:11,231:INFO:catboost==1.0.4
2022-12-10 17:59:29,082:INFO:mlflow==1.30.0
2022-12-10 17:59:29,087:INFO:Checking Exceptions
2022-12-10 17:59:29,088:INFO:Declaring global variables
2022-12-10 17:59:29,089:INFO:USI: 52ae
2022-12-10 17:59:29,090:INFO:pycaret_globals: {'pycaret_globals', '_internal_pipeline', 'display_container', 'target_param', 'stratify_param', 'iterative_imputation_iters_param', 'X', '_ml_usecase', '_all_models', 'data_before_preprocess', 'imputation_classifier', 'n_jobs_param', 'seed', 'prep_pipe', 'fold_groups_param', '_all_metrics', 'logging_param', '_all_models_internal', '_gpu_n_jobs_param', 'experiment__', 'exp_name_log', 'master_model_container', 'transform_target_param', 'fold_generator', 'fold_param', '_available_plots', 'log_plots_param', 'fold_shuffle_param', 'gpu_param', 'fix_imbalance_method_param', 'fix_imbalance_param', 'html_param', 'create_model_container', 'imputation_regressor', 'USI', 'transform_target_method_param'}
2022-12-10 17:59:29,092:INFO:Preparing display monitor
2022-12-10 17:59:29,093:INFO:Preparing display monitor
2022-12-10 17:59:29,217:INFO:Importing libraries
2022-12-10 17:59:29,218:INFO:Copying data for preprocessing
2022-12-10 17:59:29,331:INFO:Declaring preprocessing parameters
2022-12-10 17:59:29,357:INFO:Creating preprocessing pipeline
2022-12-10 17:59:29,619:INFO:Preprocessing pipeline created successfully
2022-12-10 17:59:29,622:ERROR:(Process Exit): setup has been interupted with user command 'quit'. setup must rerun.
2022-12-10 17:59:29,624:INFO:Creating global containers
2022-12-10 18:00:09,309:INFO:Initializing create_model()
2022-12-10 18:00:09,311:INFO:create_model(estimator=kmeans, num_clusters=4, fraction=0.05, ground_truth=None, round=4, fit_kwargs=None, verbose=True, system=True, raise_num_clusters=False, display=None, kwargs={})
2022-12-10 18:00:09,312:INFO:Checking exceptions
2022-12-10 18:02:01,813:INFO:PyCaret Supervised Module
2022-12-10 18:02:01,814:INFO:ML Usecase: clustering
2022-12-10 18:02:01,816:INFO:version 2.2.3
2022-12-10 18:02:01,817:INFO:Initializing setup()
2022-12-10 18:02:01,818:INFO:setup(target=None, ml_usecase=clustering, available_plots={'cluster': 'Cluster PCA Plot (2d)', 'tsne': 'Cluster TSnE (3d)', 'elbow': 'Elbow', 'silhouette': 'Silhouette', 'distance': 'Distance', 'distribution': 'Distribution'}, train_size=0.7, test_data=None, preprocess=True, imputation_type=simple, iterative_imputation_iters=5, categorical_features=None, categorical_imputation=mode, categorical_iterative_imputer=lightgbm, ordinal_features=None, high_cardinality_features=None, high_cardinality_method=frequency, numeric_features=None, numeric_imputation=mean, numeric_iterative_imputer=lightgbm, date_features=None, ignore_features=['MouseID'], normalize=True, normalize_method=zscore, transformation=False, transformation_method=yeo-johnson, handle_unknown_categorical=True, unknown_categorical_method=least_frequent, pca=False, pca_method=linear, pca_components=None, ignore_low_variance=False, combine_rare_levels=False, rare_level_threshold=0.1, bin_numeric_features=None, remove_outliers=False, outliers_threshold=0.05, remove_multicollinearity=False, multicollinearity_threshold=0.9, remove_perfect_collinearity=False, create_clusters=False, cluster_iter=20, polynomial_features=False, polynomial_degree=2, trigonometry_features=False, polynomial_threshold=0.1, group_features=None, group_names=None, feature_selection=False, feature_selection_threshold=0.8, feature_selection_method=classic, feature_interaction=False, feature_ratio=False, interaction_threshold=0.01, fix_imbalance=False, fix_imbalance_method=None, transform_target=False, transform_target_method=box-cox, data_split_shuffle=False, data_split_stratify=False, fold_strategy=kfold, fold=10, fold_shuffle=False, fold_groups=None, n_jobs=-1, use_gpu=False, custom_pipeline=None, html=True, session_id=123, log_experiment=False, experiment_name=None, log_plots=False, log_profile=False, log_data=False, silent=False, verbose=True, profile=False, profile_kwargs=None, display=None)
2022-12-10 18:02:01,819:INFO:Checking environment
2022-12-10 18:02:01,820:INFO:python_version: 3.9.12
2022-12-10 18:02:01,821:INFO:python_build: ('main', 'Apr  4 2022 05:22:27')
2022-12-10 18:02:01,821:INFO:machine: AMD64
2022-12-10 18:02:01,822:INFO:platform: Windows-10-10.0.22000-SP0
2022-12-10 18:02:01,823:INFO:Memory: svmem(total=42312536064, available=11554578432, percent=72.7, used=30757957632, free=11554578432)
2022-12-10 18:02:01,825:INFO:Physical Core: 8
2022-12-10 18:02:01,826:INFO:Logical Core: 16
2022-12-10 18:02:01,826:INFO:Checking libraries
2022-12-10 18:02:01,826:INFO:pd==1.4.2
2022-12-10 18:02:01,826:INFO:numpy==1.21.5
2022-12-10 18:02:01,827:INFO:sklearn==1.0.2
2022-12-10 18:02:01,828:INFO:xgboost==1.6.1
2022-12-10 18:02:01,828:INFO:lightgbm==3.3.2
2022-12-10 18:02:01,829:INFO:catboost==1.0.4
2022-12-10 18:02:01,830:INFO:mlflow==1.30.0
2022-12-10 18:02:01,830:INFO:Checking Exceptions
2022-12-10 18:02:01,832:INFO:Declaring global variables
2022-12-10 18:02:01,834:INFO:USI: 427d
2022-12-10 18:02:01,835:INFO:pycaret_globals: {'pycaret_globals', '_internal_pipeline', 'display_container', 'target_param', 'stratify_param', 'iterative_imputation_iters_param', 'X', '_ml_usecase', '_all_models', 'data_before_preprocess', 'imputation_classifier', 'n_jobs_param', 'seed', 'prep_pipe', 'fold_groups_param', '_all_metrics', 'logging_param', '_all_models_internal', '_gpu_n_jobs_param', 'experiment__', 'exp_name_log', 'master_model_container', 'transform_target_param', 'fold_generator', 'fold_param', '_available_plots', 'log_plots_param', 'fold_shuffle_param', 'gpu_param', 'fix_imbalance_method_param', 'fix_imbalance_param', 'html_param', 'create_model_container', 'imputation_regressor', 'USI', 'transform_target_method_param'}
2022-12-10 18:02:01,836:INFO:Preparing display monitor
2022-12-10 18:02:01,837:INFO:Preparing display monitor
2022-12-10 18:02:01,967:INFO:Importing libraries
2022-12-10 18:02:01,968:INFO:Copying data for preprocessing
2022-12-10 18:02:02,040:INFO:Declaring preprocessing parameters
2022-12-10 18:02:02,055:INFO:Creating preprocessing pipeline
2022-12-10 18:02:02,312:INFO:Preprocessing pipeline created successfully
2022-12-10 18:02:02,314:ERROR:(Process Exit): setup has been interupted with user command 'quit'. setup must rerun.
2022-12-10 18:02:02,316:INFO:Creating global containers
2022-12-10 18:04:55,650:INFO:PyCaret Supervised Module
2022-12-10 18:04:55,651:INFO:ML Usecase: clustering
2022-12-10 18:04:55,652:INFO:version 2.2.3
2022-12-10 18:04:55,652:INFO:Initializing setup()
2022-12-10 18:04:55,653:INFO:setup(target=None, ml_usecase=clustering, available_plots={'cluster': 'Cluster PCA Plot (2d)', 'tsne': 'Cluster TSnE (3d)', 'elbow': 'Elbow', 'silhouette': 'Silhouette', 'distance': 'Distance', 'distribution': 'Distribution'}, train_size=0.7, test_data=None, preprocess=True, imputation_type=simple, iterative_imputation_iters=5, categorical_features=None, categorical_imputation=mode, categorical_iterative_imputer=lightgbm, ordinal_features=None, high_cardinality_features=None, high_cardinality_method=frequency, numeric_features=None, numeric_imputation=mean, numeric_iterative_imputer=lightgbm, date_features=None, ignore_features=['MouseID'], normalize=True, normalize_method=zscore, transformation=False, transformation_method=yeo-johnson, handle_unknown_categorical=True, unknown_categorical_method=least_frequent, pca=False, pca_method=linear, pca_components=None, ignore_low_variance=False, combine_rare_levels=False, rare_level_threshold=0.1, bin_numeric_features=None, remove_outliers=False, outliers_threshold=0.05, remove_multicollinearity=False, multicollinearity_threshold=0.9, remove_perfect_collinearity=False, create_clusters=False, cluster_iter=20, polynomial_features=False, polynomial_degree=2, trigonometry_features=False, polynomial_threshold=0.1, group_features=None, group_names=None, feature_selection=False, feature_selection_threshold=0.8, feature_selection_method=classic, feature_interaction=False, feature_ratio=False, interaction_threshold=0.01, fix_imbalance=False, fix_imbalance_method=None, transform_target=False, transform_target_method=box-cox, data_split_shuffle=False, data_split_stratify=False, fold_strategy=kfold, fold=10, fold_shuffle=False, fold_groups=None, n_jobs=-1, use_gpu=False, custom_pipeline=None, html=True, session_id=None, log_experiment=False, experiment_name=None, log_plots=False, log_profile=False, log_data=False, silent=False, verbose=True, profile=False, profile_kwargs=None, display=None)
2022-12-10 18:04:55,653:INFO:Checking environment
2022-12-10 18:04:55,654:INFO:python_version: 3.9.12
2022-12-10 18:04:55,655:INFO:python_build: ('main', 'Apr  4 2022 05:22:27')
2022-12-10 18:04:55,655:INFO:machine: AMD64
2022-12-10 18:04:55,656:INFO:platform: Windows-10-10.0.22000-SP0
2022-12-10 18:04:55,657:INFO:Memory: svmem(total=42312536064, available=11590512640, percent=72.6, used=30722023424, free=11590512640)
2022-12-10 18:04:55,657:INFO:Physical Core: 8
2022-12-10 18:04:55,658:INFO:Logical Core: 16
2022-12-10 18:04:55,659:INFO:Checking libraries
2022-12-10 18:04:55,659:INFO:pd==1.4.2
2022-12-10 18:04:55,660:INFO:numpy==1.21.5
2022-12-10 18:04:55,660:INFO:sklearn==1.0.2
2022-12-10 18:04:55,661:INFO:xgboost==1.6.1
2022-12-10 18:04:55,661:INFO:lightgbm==3.3.2
2022-12-10 18:04:55,661:INFO:catboost==1.0.4
2022-12-10 18:04:55,662:INFO:mlflow==1.30.0
2022-12-10 18:04:55,662:INFO:Checking Exceptions
2022-12-10 18:04:55,663:INFO:Declaring global variables
2022-12-10 18:04:55,664:INFO:USI: 00cc
2022-12-10 18:04:55,664:INFO:pycaret_globals: {'pycaret_globals', '_internal_pipeline', 'display_container', 'target_param', 'stratify_param', 'iterative_imputation_iters_param', 'X', '_ml_usecase', '_all_models', 'data_before_preprocess', 'imputation_classifier', 'n_jobs_param', 'seed', 'prep_pipe', 'fold_groups_param', '_all_metrics', 'logging_param', '_all_models_internal', '_gpu_n_jobs_param', 'experiment__', 'exp_name_log', 'master_model_container', 'transform_target_param', 'fold_generator', 'fold_param', '_available_plots', 'log_plots_param', 'fold_shuffle_param', 'gpu_param', 'fix_imbalance_method_param', 'fix_imbalance_param', 'html_param', 'create_model_container', 'imputation_regressor', 'USI', 'transform_target_method_param'}
2022-12-10 18:04:55,665:INFO:Preparing display monitor
2022-12-10 18:04:55,666:INFO:Preparing display monitor
2022-12-10 18:04:55,759:INFO:Importing libraries
2022-12-10 18:04:55,761:INFO:Copying data for preprocessing
2022-12-10 18:04:55,844:INFO:Declaring preprocessing parameters
2022-12-10 18:04:55,863:INFO:Creating preprocessing pipeline
2022-12-10 18:04:56,124:INFO:Preprocessing pipeline created successfully
2022-12-10 18:04:56,126:ERROR:(Process Exit): setup has been interupted with user command 'quit'. setup must rerun.
2022-12-10 18:04:56,126:INFO:Creating global containers
