2022-11-06 16:46:56,286:INFO:PyCaret Supervised Module
2022-11-06 16:46:56,290:INFO:ML Usecase: regression
2022-11-06 16:46:56,290:INFO:version 2.3.5
2022-11-06 16:46:56,290:INFO:Initializing setup()
2022-11-06 16:46:56,290:INFO:setup(target=charges, ml_usecase=regression, available_plots={'parameter': 'Hyperparameters', 'residuals': 'Residuals', 'error': 'Prediction Error', 'cooks': 'Cooks Distance', 'rfe': 'Feature Selection', 'learning': 'Learning Curve', 'manifold': 'Manifold Learning', 'vc': 'Validation Curve', 'feature': 'Feature Importance', 'feature_all': 'Feature Importance (All)', 'tree': 'Decision Tree', 'residuals_interactive': 'Interactive Residuals'}, train_size=0.7, test_data=None, preprocess=True, imputation_type=simple, iterative_imputation_iters=5, categorical_features=None, categorical_imputation=constant, categorical_iterative_imputer=lightgbm, ordinal_features=None, high_cardinality_features=None, high_cardinality_method=frequency, numeric_features=None, numeric_imputation=mean, numeric_iterative_imputer=lightgbm, date_features=None, ignore_features=None, normalize=False, normalize_method=zscore, transformation=False, transformation_method=yeo-johnson, handle_unknown_categorical=True, unknown_categorical_method=least_frequent, pca=False, pca_method=linear, pca_components=None, ignore_low_variance=False, combine_rare_levels=False, rare_level_threshold=0.1, bin_numeric_features=None, remove_outliers=False, outliers_threshold=0.05, remove_multicollinearity=False, multicollinearity_threshold=0.9, remove_perfect_collinearity=True, create_clusters=False, cluster_iter=20, polynomial_features=False, polynomial_degree=2, trigonometry_features=False, polynomial_threshold=0.1, group_features=None, group_names=None, feature_selection=False, feature_selection_threshold=0.8, feature_selection_method=classic, feature_interaction=False, feature_ratio=False, interaction_threshold=0.01, fix_imbalance=False, fix_imbalance_method=None, transform_target=False, transform_target_method=box-cox, data_split_shuffle=True, data_split_stratify=False, fold_strategy=kfold, fold=10, fold_shuffle=False, fold_groups=None, n_jobs=-1, use_gpu=False, custom_pipeline=None, html=True, session_id=None, log_experiment=False, experiment_name=None, log_plots=False, log_profile=False, log_data=False, silent=False, verbose=True, profile=False, profile_kwargs=None, display=None)
2022-11-06 16:46:56,291:INFO:Checking environment
2022-11-06 16:46:56,291:INFO:python_version: 3.7.6
2022-11-06 16:46:56,291:INFO:python_build: ('default', 'Jan  8 2020 19:59:22')
2022-11-06 16:46:56,291:INFO:machine: x86_64
2022-11-06 16:46:56,297:INFO:platform: Linux-5.4.0-58-generic-x86_64-with-debian-bullseye-sid
2022-11-06 16:46:56,298:INFO:Memory: svmem(total=8129552384, available=602144768, percent=92.6, used=6603177984, free=178638848, active=4308480000, inactive=1092190208, buffers=12845056, cached=1334890496, shared=665276416, slab=1036218368)
2022-11-06 16:46:56,302:INFO:Physical Core: 2
2022-11-06 16:46:56,303:INFO:Logical Core: 4
2022-11-06 16:46:56,303:INFO:Checking libraries
2022-11-06 16:46:56,303:INFO:pd==1.3.4
2022-11-06 16:46:56,304:INFO:numpy==1.19.5
2022-11-06 16:46:56,304:INFO:sklearn==0.23.2
2022-11-06 16:46:56,305:INFO:lightgbm==3.3.1
2022-11-06 16:46:56,306:WARNING:catboost not found
2022-11-06 16:46:56,308:WARNING:xgboost not found
2022-11-06 16:46:56,895:INFO:mlflow==1.21.0
2022-11-06 16:46:56,895:INFO:Checking Exceptions
2022-11-06 16:46:56,896:INFO:Declaring global variables
2022-11-06 16:46:56,896:INFO:USI: 30a0
2022-11-06 16:46:56,896:INFO:pycaret_globals: {'fold_shuffle_param', 'fold_param', 'X_test', 'X_train', 'log_plots_param', 'imputation_regressor', '_all_models', 'iterative_imputation_iters_param', 'target_param', 'fold_generator', 'exp_name_log', 'display_container', 'logging_param', 'transform_target_method_param', '_ml_usecase', 'html_param', 'USI', 'master_model_container', 'seed', 'imputation_classifier', 'y_train', '_internal_pipeline', '_all_metrics', 'pycaret_globals', 'gpu_param', 'transform_target_param', 'fix_imbalance_param', 'n_jobs_param', 'y', 'prep_pipe', 'y_test', 'fold_groups_param_full', 'fix_imbalance_method_param', 'stratify_param', 'fold_groups_param', 'create_model_container', 'data_before_preprocess', 'X', 'experiment__', '_available_plots', '_all_models_internal', '_gpu_n_jobs_param'}
2022-11-06 16:46:56,896:INFO:Preparing display monitor
2022-11-06 16:46:56,896:INFO:Preparing display monitor
2022-11-06 16:46:56,909:INFO:Importing libraries
2022-11-06 16:46:56,910:INFO:Copying data for preprocessing
2022-11-06 16:46:56,919:INFO:Declaring preprocessing parameters
2022-11-06 16:46:56,921:INFO:Creating preprocessing pipeline
2022-11-06 16:46:56,932:INFO:Preprocessing pipeline created successfully
2022-11-06 16:46:56,932:ERROR:(Process Exit): setup has been interupted with user command 'quit'. setup must rerun.
2022-11-06 16:46:56,932:INFO:Creating global containers
2022-11-06 16:46:56,935:INFO:Internal pipeline: Pipeline(memory=None, steps=[('empty_step', 'passthrough')], verbose=False)
2022-11-06 16:47:16,946:WARNING:Couldn't import xgboost.XGBRegressor
2022-11-06 16:47:16,947:WARNING:Couldn't import catboost.CatBoostRegressor
2022-11-06 16:47:17,048:WARNING:Couldn't import xgboost.XGBRegressor
2022-11-06 16:47:17,048:WARNING:Couldn't import catboost.CatBoostRegressor
2022-11-06 16:47:17,048:INFO:Creating grid variables
2022-11-06 16:47:17,061:INFO:create_model_container: 0
2022-11-06 16:47:17,062:INFO:master_model_container: 0
2022-11-06 16:47:17,062:INFO:display_container: 1
2022-11-06 16:47:17,068:INFO:Pipeline(memory=None,
         steps=[('dtypes',
                 DataTypes_Auto_infer(categorical_features=[],
                                      display_types=True, features_todrop=[],
                                      id_columns=[], ml_usecase='regression',
                                      numerical_features=[], target='charges',
                                      time_features=[])),
                ('imputer',
                 Simple_Imputer(categorical_strategy='not_available',
                                fill_value_categorical=None,
                                fill_value_numerical=None,
                                numeric_strategy...
                ('scaling', 'passthrough'), ('P_transform', 'passthrough'),
                ('binn', 'passthrough'), ('rem_outliers', 'passthrough'),
                ('cluster_all', 'passthrough'),
                ('dummy', Dummify(target='charges')),
                ('fix_perfect', Remove_100(target='charges')),
                ('clean_names', Clean_Colum_Names()),
                ('feature_select', 'passthrough'), ('fix_multi', 'passthrough'),
                ('dfs', 'passthrough'), ('pca', 'passthrough')],
         verbose=False)
2022-11-06 16:47:17,068:INFO:setup() succesfully completed......................................
2022-11-06 17:03:42,394:INFO:Initializing compare_models()
2022-11-06 17:03:42,394:INFO:compare_models(include=None, fold=None, round=4, cross_validation=True, sort=R2, n_select=1, budget_time=None, turbo=True, errors=ignore, fit_kwargs=None, groups=None, probability_threshold=None, verbose=True, display=None, exclude=None)
2022-11-06 17:03:42,395:INFO:Checking exceptions
2022-11-06 17:03:42,395:INFO:Preparing display monitor
2022-11-06 17:03:42,396:INFO:Preparing display monitor
2022-11-06 17:03:42,515:INFO:Initializing Linear Regression
2022-11-06 17:03:42,515:INFO:Total runtime is 3.0517578125e-06 minutes
2022-11-06 17:03:42,533:INFO:SubProcess create_model() called ==================================
2022-11-06 17:03:42,534:INFO:Initializing create_model()
2022-11-06 17:03:42,534:INFO:create_model(estimator=lr, fold=KFold(n_splits=10, random_state=None, shuffle=False), round=4, cross_validation=True, predict=True, fit_kwargs={}, groups=None, refit=False, verbose=False, system=False, metrics=None, add_to_model_list=True, probability_threshold=None, display=<pycaret.internal.Display.Display object at 0x7f2f30f62e50>, kwargs={})
2022-11-06 17:03:42,534:INFO:Checking exceptions
2022-11-06 17:03:42,534:INFO:Importing libraries
2022-11-06 17:03:42,534:INFO:Copying training dataset
2022-11-06 17:03:42,535:INFO:Defining folds
2022-11-06 17:03:42,535:INFO:Declaring metric variables
2022-11-06 17:03:42,552:INFO:Importing untrained model
2022-11-06 17:03:42,564:INFO:Linear Regression Imported succesfully
2022-11-06 17:03:42,587:INFO:Starting cross validation
2022-11-06 17:03:42,593:INFO:Cross validating with KFold(n_splits=10, random_state=None, shuffle=False), n_jobs=-1
2022-11-06 17:03:46,566:INFO:Calculating mean and std
2022-11-06 17:03:46,567:INFO:Creating metrics dataframe
2022-11-06 17:03:46,572:INFO:Uploading results into container
2022-11-06 17:03:46,572:INFO:Uploading model into container now
2022-11-06 17:03:46,573:INFO:create_model_container: 1
2022-11-06 17:03:46,573:INFO:master_model_container: 1
2022-11-06 17:03:46,573:INFO:display_container: 2
2022-11-06 17:03:46,573:INFO:LinearRegression(copy_X=True, fit_intercept=True, n_jobs=-1, normalize=False)
2022-11-06 17:03:46,573:INFO:create_model() succesfully completed......................................
2022-11-06 17:03:46,719:INFO:SubProcess create_model() end ==================================
2022-11-06 17:03:46,720:INFO:Creating metrics dataframe
2022-11-06 17:03:46,740:INFO:Initializing Lasso Regression
2022-11-06 17:03:46,741:INFO:Total runtime is 0.07043654918670654 minutes
2022-11-06 17:03:46,758:INFO:SubProcess create_model() called ==================================
2022-11-06 17:03:46,759:INFO:Initializing create_model()
2022-11-06 17:03:46,759:INFO:create_model(estimator=lasso, fold=KFold(n_splits=10, random_state=None, shuffle=False), round=4, cross_validation=True, predict=True, fit_kwargs={}, groups=None, refit=False, verbose=False, system=False, metrics=None, add_to_model_list=True, probability_threshold=None, display=<pycaret.internal.Display.Display object at 0x7f2f30f62e50>, kwargs={})
2022-11-06 17:03:46,759:INFO:Checking exceptions
2022-11-06 17:03:46,759:INFO:Importing libraries
2022-11-06 17:03:46,759:INFO:Copying training dataset
2022-11-06 17:03:46,760:INFO:Defining folds
2022-11-06 17:03:46,760:INFO:Declaring metric variables
2022-11-06 17:03:46,771:INFO:Importing untrained model
2022-11-06 17:03:46,778:INFO:Lasso Regression Imported succesfully
2022-11-06 17:03:46,817:INFO:Starting cross validation
2022-11-06 17:03:46,818:INFO:Cross validating with KFold(n_splits=10, random_state=None, shuffle=False), n_jobs=-1
2022-11-06 17:03:46,949:INFO:Calculating mean and std
2022-11-06 17:03:46,950:INFO:Creating metrics dataframe
2022-11-06 17:03:46,956:INFO:Uploading results into container
2022-11-06 17:03:46,956:INFO:Uploading model into container now
2022-11-06 17:03:46,956:INFO:create_model_container: 2
2022-11-06 17:03:46,957:INFO:master_model_container: 2
2022-11-06 17:03:46,957:INFO:display_container: 2
2022-11-06 17:03:46,957:INFO:Lasso(alpha=1.0, copy_X=True, fit_intercept=True, max_iter=1000,
      normalize=False, positive=False, precompute=False, random_state=465,
      selection='cyclic', tol=0.0001, warm_start=False)
2022-11-06 17:03:46,957:INFO:create_model() succesfully completed......................................
2022-11-06 17:03:47,119:INFO:SubProcess create_model() end ==================================
2022-11-06 17:03:47,119:INFO:Creating metrics dataframe
2022-11-06 17:03:47,143:INFO:Initializing Ridge Regression
2022-11-06 17:03:47,143:INFO:Total runtime is 0.07713890473047892 minutes
2022-11-06 17:03:47,157:INFO:SubProcess create_model() called ==================================
2022-11-06 17:03:47,157:INFO:Initializing create_model()
2022-11-06 17:03:47,158:INFO:create_model(estimator=ridge, fold=KFold(n_splits=10, random_state=None, shuffle=False), round=4, cross_validation=True, predict=True, fit_kwargs={}, groups=None, refit=False, verbose=False, system=False, metrics=None, add_to_model_list=True, probability_threshold=None, display=<pycaret.internal.Display.Display object at 0x7f2f30f62e50>, kwargs={})
2022-11-06 17:03:47,158:INFO:Checking exceptions
2022-11-06 17:03:47,158:INFO:Importing libraries
2022-11-06 17:03:47,158:INFO:Copying training dataset
2022-11-06 17:03:47,160:INFO:Defining folds
2022-11-06 17:03:47,160:INFO:Declaring metric variables
2022-11-06 17:03:47,170:INFO:Importing untrained model
2022-11-06 17:03:47,178:INFO:Ridge Regression Imported succesfully
2022-11-06 17:03:47,195:INFO:Starting cross validation
2022-11-06 17:03:47,195:INFO:Cross validating with KFold(n_splits=10, random_state=None, shuffle=False), n_jobs=-1
2022-11-06 17:03:47,312:INFO:Calculating mean and std
2022-11-06 17:03:47,313:INFO:Creating metrics dataframe
2022-11-06 17:03:47,318:INFO:Uploading results into container
2022-11-06 17:03:47,318:INFO:Uploading model into container now
2022-11-06 17:03:47,318:INFO:create_model_container: 3
2022-11-06 17:03:47,318:INFO:master_model_container: 3
2022-11-06 17:03:47,318:INFO:display_container: 2
2022-11-06 17:03:47,319:INFO:Ridge(alpha=1.0, copy_X=True, fit_intercept=True, max_iter=None,
      normalize=False, random_state=465, solver='auto', tol=0.001)
2022-11-06 17:03:47,319:INFO:create_model() succesfully completed......................................
2022-11-06 17:03:47,453:INFO:SubProcess create_model() end ==================================
2022-11-06 17:03:47,453:INFO:Creating metrics dataframe
2022-11-06 17:03:47,472:INFO:Initializing Elastic Net
2022-11-06 17:03:47,472:INFO:Total runtime is 0.08262035449345906 minutes
2022-11-06 17:03:47,483:INFO:SubProcess create_model() called ==================================
2022-11-06 17:03:47,484:INFO:Initializing create_model()
2022-11-06 17:03:47,484:INFO:create_model(estimator=en, fold=KFold(n_splits=10, random_state=None, shuffle=False), round=4, cross_validation=True, predict=True, fit_kwargs={}, groups=None, refit=False, verbose=False, system=False, metrics=None, add_to_model_list=True, probability_threshold=None, display=<pycaret.internal.Display.Display object at 0x7f2f30f62e50>, kwargs={})
2022-11-06 17:03:47,484:INFO:Checking exceptions
2022-11-06 17:03:47,484:INFO:Importing libraries
2022-11-06 17:03:47,484:INFO:Copying training dataset
2022-11-06 17:03:47,485:INFO:Defining folds
2022-11-06 17:03:47,486:INFO:Declaring metric variables
2022-11-06 17:03:47,494:INFO:Importing untrained model
2022-11-06 17:03:47,503:INFO:Elastic Net Imported succesfully
2022-11-06 17:03:47,525:INFO:Starting cross validation
2022-11-06 17:03:47,526:INFO:Cross validating with KFold(n_splits=10, random_state=None, shuffle=False), n_jobs=-1
2022-11-06 17:03:47,665:INFO:Calculating mean and std
2022-11-06 17:03:47,665:INFO:Creating metrics dataframe
2022-11-06 17:03:47,670:INFO:Uploading results into container
2022-11-06 17:03:47,670:INFO:Uploading model into container now
2022-11-06 17:03:47,670:INFO:create_model_container: 4
2022-11-06 17:03:47,670:INFO:master_model_container: 4
2022-11-06 17:03:47,670:INFO:display_container: 2
2022-11-06 17:03:47,671:INFO:ElasticNet(alpha=1.0, copy_X=True, fit_intercept=True, l1_ratio=0.5,
           max_iter=1000, normalize=False, positive=False, precompute=False,
           random_state=465, selection='cyclic', tol=0.0001, warm_start=False)
2022-11-06 17:03:47,671:INFO:create_model() succesfully completed......................................
2022-11-06 17:03:47,794:INFO:SubProcess create_model() end ==================================
2022-11-06 17:03:47,794:INFO:Creating metrics dataframe
2022-11-06 17:03:47,815:INFO:Initializing Least Angle Regression
2022-11-06 17:03:47,815:INFO:Total runtime is 0.08834906021753947 minutes
2022-11-06 17:03:47,825:INFO:SubProcess create_model() called ==================================
2022-11-06 17:03:47,826:INFO:Initializing create_model()
2022-11-06 17:03:47,826:INFO:create_model(estimator=lar, fold=KFold(n_splits=10, random_state=None, shuffle=False), round=4, cross_validation=True, predict=True, fit_kwargs={}, groups=None, refit=False, verbose=False, system=False, metrics=None, add_to_model_list=True, probability_threshold=None, display=<pycaret.internal.Display.Display object at 0x7f2f30f62e50>, kwargs={})
2022-11-06 17:03:47,826:INFO:Checking exceptions
2022-11-06 17:03:47,826:INFO:Importing libraries
2022-11-06 17:03:47,826:INFO:Copying training dataset
2022-11-06 17:03:47,827:INFO:Defining folds
2022-11-06 17:03:47,827:INFO:Declaring metric variables
2022-11-06 17:03:47,835:INFO:Importing untrained model
2022-11-06 17:03:47,848:INFO:Least Angle Regression Imported succesfully
2022-11-06 17:03:47,875:INFO:Starting cross validation
2022-11-06 17:03:47,876:INFO:Cross validating with KFold(n_splits=10, random_state=None, shuffle=False), n_jobs=-1
2022-11-06 17:03:47,982:INFO:Calculating mean and std
2022-11-06 17:03:47,983:INFO:Creating metrics dataframe
2022-11-06 17:03:47,988:INFO:Uploading results into container
2022-11-06 17:03:47,988:INFO:Uploading model into container now
2022-11-06 17:03:47,988:INFO:create_model_container: 5
2022-11-06 17:03:47,989:INFO:master_model_container: 5
2022-11-06 17:03:47,989:INFO:display_container: 2
2022-11-06 17:03:47,990:INFO:Lars(copy_X=True, eps=2.220446049250313e-16, fit_intercept=True, fit_path=True,
     jitter=None, n_nonzero_coefs=500, normalize=True, precompute='auto',
     random_state=465, verbose=False)
2022-11-06 17:03:47,990:INFO:create_model() succesfully completed......................................
2022-11-06 17:03:48,125:INFO:SubProcess create_model() end ==================================
2022-11-06 17:03:48,125:INFO:Creating metrics dataframe
2022-11-06 17:03:48,143:INFO:Initializing Lasso Least Angle Regression
2022-11-06 17:03:48,144:INFO:Total runtime is 0.09381834665934244 minutes
2022-11-06 17:03:48,153:INFO:SubProcess create_model() called ==================================
2022-11-06 17:03:48,153:INFO:Initializing create_model()
2022-11-06 17:03:48,153:INFO:create_model(estimator=llar, fold=KFold(n_splits=10, random_state=None, shuffle=False), round=4, cross_validation=True, predict=True, fit_kwargs={}, groups=None, refit=False, verbose=False, system=False, metrics=None, add_to_model_list=True, probability_threshold=None, display=<pycaret.internal.Display.Display object at 0x7f2f30f62e50>, kwargs={})
2022-11-06 17:03:48,153:INFO:Checking exceptions
2022-11-06 17:03:48,153:INFO:Importing libraries
2022-11-06 17:03:48,154:INFO:Copying training dataset
2022-11-06 17:03:48,155:INFO:Defining folds
2022-11-06 17:03:48,155:INFO:Declaring metric variables
2022-11-06 17:03:48,164:INFO:Importing untrained model
2022-11-06 17:03:48,173:INFO:Lasso Least Angle Regression Imported succesfully
2022-11-06 17:03:48,191:INFO:Starting cross validation
2022-11-06 17:03:48,192:INFO:Cross validating with KFold(n_splits=10, random_state=None, shuffle=False), n_jobs=-1
2022-11-06 17:03:48,313:INFO:Calculating mean and std
2022-11-06 17:03:48,313:INFO:Creating metrics dataframe
2022-11-06 17:03:48,319:INFO:Uploading results into container
2022-11-06 17:03:48,319:INFO:Uploading model into container now
2022-11-06 17:03:48,319:INFO:create_model_container: 6
2022-11-06 17:03:48,319:INFO:master_model_container: 6
2022-11-06 17:03:48,319:INFO:display_container: 2
2022-11-06 17:03:48,320:INFO:LassoLars(alpha=1.0, copy_X=True, eps=2.220446049250313e-16, fit_intercept=True,
          fit_path=True, jitter=None, max_iter=500, normalize=True,
          positive=False, precompute='auto', random_state=465, verbose=False)
2022-11-06 17:03:48,320:INFO:create_model() succesfully completed......................................
2022-11-06 17:03:48,455:INFO:SubProcess create_model() end ==================================
2022-11-06 17:03:48,455:INFO:Creating metrics dataframe
2022-11-06 17:03:48,476:INFO:Initializing Orthogonal Matching Pursuit
2022-11-06 17:03:48,476:INFO:Total runtime is 0.09935489892959594 minutes
2022-11-06 17:03:48,485:INFO:SubProcess create_model() called ==================================
2022-11-06 17:03:48,486:INFO:Initializing create_model()
2022-11-06 17:03:48,486:INFO:create_model(estimator=omp, fold=KFold(n_splits=10, random_state=None, shuffle=False), round=4, cross_validation=True, predict=True, fit_kwargs={}, groups=None, refit=False, verbose=False, system=False, metrics=None, add_to_model_list=True, probability_threshold=None, display=<pycaret.internal.Display.Display object at 0x7f2f30f62e50>, kwargs={})
2022-11-06 17:03:48,486:INFO:Checking exceptions
2022-11-06 17:03:48,486:INFO:Importing libraries
2022-11-06 17:03:48,486:INFO:Copying training dataset
2022-11-06 17:03:48,487:INFO:Defining folds
2022-11-06 17:03:48,487:INFO:Declaring metric variables
2022-11-06 17:03:48,495:INFO:Importing untrained model
2022-11-06 17:03:48,505:INFO:Orthogonal Matching Pursuit Imported succesfully
2022-11-06 17:03:48,521:INFO:Starting cross validation
2022-11-06 17:03:48,522:INFO:Cross validating with KFold(n_splits=10, random_state=None, shuffle=False), n_jobs=-1
2022-11-06 17:03:48,638:INFO:Calculating mean and std
2022-11-06 17:03:48,639:INFO:Creating metrics dataframe
2022-11-06 17:03:48,642:INFO:Uploading results into container
2022-11-06 17:03:48,642:INFO:Uploading model into container now
2022-11-06 17:03:48,642:INFO:create_model_container: 7
2022-11-06 17:03:48,642:INFO:master_model_container: 7
2022-11-06 17:03:48,642:INFO:display_container: 2
2022-11-06 17:03:48,642:INFO:OrthogonalMatchingPursuit(fit_intercept=True, n_nonzero_coefs=None,
                          normalize=True, precompute='auto', tol=None)
2022-11-06 17:03:48,643:INFO:create_model() succesfully completed......................................
2022-11-06 17:03:48,782:INFO:SubProcess create_model() end ==================================
2022-11-06 17:03:48,783:INFO:Creating metrics dataframe
2022-11-06 17:03:48,802:INFO:Initializing Bayesian Ridge
2022-11-06 17:03:48,802:INFO:Total runtime is 0.10479230880737304 minutes
2022-11-06 17:03:48,812:INFO:SubProcess create_model() called ==================================
2022-11-06 17:03:48,813:INFO:Initializing create_model()
2022-11-06 17:03:48,813:INFO:create_model(estimator=br, fold=KFold(n_splits=10, random_state=None, shuffle=False), round=4, cross_validation=True, predict=True, fit_kwargs={}, groups=None, refit=False, verbose=False, system=False, metrics=None, add_to_model_list=True, probability_threshold=None, display=<pycaret.internal.Display.Display object at 0x7f2f30f62e50>, kwargs={})
2022-11-06 17:03:48,813:INFO:Checking exceptions
2022-11-06 17:03:48,813:INFO:Importing libraries
2022-11-06 17:03:48,813:INFO:Copying training dataset
2022-11-06 17:03:48,814:INFO:Defining folds
2022-11-06 17:03:48,814:INFO:Declaring metric variables
2022-11-06 17:03:48,823:INFO:Importing untrained model
2022-11-06 17:03:48,832:INFO:Bayesian Ridge Imported succesfully
2022-11-06 17:03:48,851:INFO:Starting cross validation
2022-11-06 17:03:48,851:INFO:Cross validating with KFold(n_splits=10, random_state=None, shuffle=False), n_jobs=-1
2022-11-06 17:03:48,958:INFO:Calculating mean and std
2022-11-06 17:03:48,959:INFO:Creating metrics dataframe
2022-11-06 17:03:48,962:INFO:Uploading results into container
2022-11-06 17:03:48,963:INFO:Uploading model into container now
2022-11-06 17:03:48,963:INFO:create_model_container: 8
2022-11-06 17:03:48,963:INFO:master_model_container: 8
2022-11-06 17:03:48,963:INFO:display_container: 2
2022-11-06 17:03:48,963:INFO:BayesianRidge(alpha_1=1e-06, alpha_2=1e-06, alpha_init=None,
              compute_score=False, copy_X=True, fit_intercept=True,
              lambda_1=1e-06, lambda_2=1e-06, lambda_init=None, n_iter=300,
              normalize=False, tol=0.001, verbose=False)
2022-11-06 17:03:48,963:INFO:create_model() succesfully completed......................................
2022-11-06 17:03:49,105:INFO:SubProcess create_model() end ==================================
2022-11-06 17:03:49,105:INFO:Creating metrics dataframe
2022-11-06 17:03:49,124:INFO:Initializing Passive Aggressive Regressor
2022-11-06 17:03:49,124:INFO:Total runtime is 0.11016031901041666 minutes
2022-11-06 17:03:49,134:INFO:SubProcess create_model() called ==================================
2022-11-06 17:03:49,134:INFO:Initializing create_model()
2022-11-06 17:03:49,134:INFO:create_model(estimator=par, fold=KFold(n_splits=10, random_state=None, shuffle=False), round=4, cross_validation=True, predict=True, fit_kwargs={}, groups=None, refit=False, verbose=False, system=False, metrics=None, add_to_model_list=True, probability_threshold=None, display=<pycaret.internal.Display.Display object at 0x7f2f30f62e50>, kwargs={})
2022-11-06 17:03:49,134:INFO:Checking exceptions
2022-11-06 17:03:49,134:INFO:Importing libraries
2022-11-06 17:03:49,134:INFO:Copying training dataset
2022-11-06 17:03:49,135:INFO:Defining folds
2022-11-06 17:03:49,136:INFO:Declaring metric variables
2022-11-06 17:03:49,144:INFO:Importing untrained model
2022-11-06 17:03:49,153:INFO:Passive Aggressive Regressor Imported succesfully
2022-11-06 17:03:49,169:INFO:Starting cross validation
2022-11-06 17:03:49,170:INFO:Cross validating with KFold(n_splits=10, random_state=None, shuffle=False), n_jobs=-1
2022-11-06 17:03:49,300:INFO:Calculating mean and std
2022-11-06 17:03:49,301:INFO:Creating metrics dataframe
2022-11-06 17:03:49,306:INFO:Uploading results into container
2022-11-06 17:03:49,306:INFO:Uploading model into container now
2022-11-06 17:03:49,306:INFO:create_model_container: 9
2022-11-06 17:03:49,306:INFO:master_model_container: 9
2022-11-06 17:03:49,306:INFO:display_container: 2
2022-11-06 17:03:49,307:INFO:PassiveAggressiveRegressor(C=1.0, average=False, early_stopping=False,
                           epsilon=0.1, fit_intercept=True,
                           loss='epsilon_insensitive', max_iter=1000,
                           n_iter_no_change=5, random_state=465, shuffle=True,
                           tol=0.001, validation_fraction=0.1, verbose=0,
                           warm_start=False)
2022-11-06 17:03:49,307:INFO:create_model() succesfully completed......................................
2022-11-06 17:03:49,440:INFO:SubProcess create_model() end ==================================
2022-11-06 17:03:49,440:INFO:Creating metrics dataframe
2022-11-06 17:03:49,458:INFO:Initializing Huber Regressor
2022-11-06 17:03:49,458:INFO:Total runtime is 0.11572886705398559 minutes
2022-11-06 17:03:49,467:INFO:SubProcess create_model() called ==================================
2022-11-06 17:03:49,468:INFO:Initializing create_model()
2022-11-06 17:03:49,468:INFO:create_model(estimator=huber, fold=KFold(n_splits=10, random_state=None, shuffle=False), round=4, cross_validation=True, predict=True, fit_kwargs={}, groups=None, refit=False, verbose=False, system=False, metrics=None, add_to_model_list=True, probability_threshold=None, display=<pycaret.internal.Display.Display object at 0x7f2f30f62e50>, kwargs={})
2022-11-06 17:03:49,468:INFO:Checking exceptions
2022-11-06 17:03:49,468:INFO:Importing libraries
2022-11-06 17:03:49,468:INFO:Copying training dataset
2022-11-06 17:03:49,469:INFO:Defining folds
2022-11-06 17:03:49,469:INFO:Declaring metric variables
2022-11-06 17:03:49,477:INFO:Importing untrained model
2022-11-06 17:03:49,487:INFO:Huber Regressor Imported succesfully
2022-11-06 17:03:49,507:INFO:Starting cross validation
2022-11-06 17:03:49,508:INFO:Cross validating with KFold(n_splits=10, random_state=None, shuffle=False), n_jobs=-1
2022-11-06 17:03:49,771:INFO:Calculating mean and std
2022-11-06 17:03:49,772:INFO:Creating metrics dataframe
2022-11-06 17:03:49,776:INFO:Uploading results into container
2022-11-06 17:03:49,777:INFO:Uploading model into container now
2022-11-06 17:03:49,777:INFO:create_model_container: 10
2022-11-06 17:03:49,777:INFO:master_model_container: 10
2022-11-06 17:03:49,777:INFO:display_container: 2
2022-11-06 17:03:49,777:INFO:HuberRegressor(alpha=0.0001, epsilon=1.35, fit_intercept=True, max_iter=100,
               tol=1e-05, warm_start=False)
2022-11-06 17:03:49,777:INFO:create_model() succesfully completed......................................
2022-11-06 17:03:49,901:INFO:SubProcess create_model() end ==================================
2022-11-06 17:03:49,901:INFO:Creating metrics dataframe
2022-11-06 17:03:49,931:INFO:Initializing K Neighbors Regressor
2022-11-06 17:03:49,931:INFO:Total runtime is 0.12360606988271078 minutes
2022-11-06 17:03:49,939:INFO:SubProcess create_model() called ==================================
2022-11-06 17:03:49,940:INFO:Initializing create_model()
2022-11-06 17:03:49,940:INFO:create_model(estimator=knn, fold=KFold(n_splits=10, random_state=None, shuffle=False), round=4, cross_validation=True, predict=True, fit_kwargs={}, groups=None, refit=False, verbose=False, system=False, metrics=None, add_to_model_list=True, probability_threshold=None, display=<pycaret.internal.Display.Display object at 0x7f2f30f62e50>, kwargs={})
2022-11-06 17:03:49,940:INFO:Checking exceptions
2022-11-06 17:03:49,940:INFO:Importing libraries
2022-11-06 17:03:49,940:INFO:Copying training dataset
2022-11-06 17:03:49,941:INFO:Defining folds
2022-11-06 17:03:49,941:INFO:Declaring metric variables
2022-11-06 17:03:49,948:INFO:Importing untrained model
2022-11-06 17:03:49,961:INFO:K Neighbors Regressor Imported succesfully
2022-11-06 17:03:49,981:INFO:Starting cross validation
2022-11-06 17:03:49,982:INFO:Cross validating with KFold(n_splits=10, random_state=None, shuffle=False), n_jobs=-1
2022-11-06 17:03:50,428:INFO:Calculating mean and std
2022-11-06 17:03:50,432:INFO:Creating metrics dataframe
2022-11-06 17:03:50,450:INFO:Uploading results into container
2022-11-06 17:03:50,451:INFO:Uploading model into container now
2022-11-06 17:03:50,451:INFO:create_model_container: 11
2022-11-06 17:03:50,451:INFO:master_model_container: 11
2022-11-06 17:03:50,451:INFO:display_container: 2
2022-11-06 17:03:50,453:INFO:KNeighborsRegressor(algorithm='auto', leaf_size=30, metric='minkowski',
                    metric_params=None, n_jobs=-1, n_neighbors=5, p=2,
                    weights='uniform')
2022-11-06 17:03:50,453:INFO:create_model() succesfully completed......................................
2022-11-06 17:03:50,620:INFO:SubProcess create_model() end ==================================
2022-11-06 17:03:50,621:INFO:Creating metrics dataframe
2022-11-06 17:03:50,640:INFO:Initializing Decision Tree Regressor
2022-11-06 17:03:50,640:INFO:Total runtime is 0.1354255477587382 minutes
2022-11-06 17:03:50,651:INFO:SubProcess create_model() called ==================================
2022-11-06 17:03:50,651:INFO:Initializing create_model()
2022-11-06 17:03:50,651:INFO:create_model(estimator=dt, fold=KFold(n_splits=10, random_state=None, shuffle=False), round=4, cross_validation=True, predict=True, fit_kwargs={}, groups=None, refit=False, verbose=False, system=False, metrics=None, add_to_model_list=True, probability_threshold=None, display=<pycaret.internal.Display.Display object at 0x7f2f30f62e50>, kwargs={})
2022-11-06 17:03:50,651:INFO:Checking exceptions
2022-11-06 17:03:50,651:INFO:Importing libraries
2022-11-06 17:03:50,651:INFO:Copying training dataset
2022-11-06 17:03:50,652:INFO:Defining folds
2022-11-06 17:03:50,652:INFO:Declaring metric variables
2022-11-06 17:03:50,676:INFO:Importing untrained model
2022-11-06 17:03:50,689:INFO:Decision Tree Regressor Imported succesfully
2022-11-06 17:03:50,713:INFO:Starting cross validation
2022-11-06 17:03:50,713:INFO:Cross validating with KFold(n_splits=10, random_state=None, shuffle=False), n_jobs=-1
2022-11-06 17:03:50,827:INFO:Calculating mean and std
2022-11-06 17:03:50,827:INFO:Creating metrics dataframe
2022-11-06 17:03:50,831:INFO:Uploading results into container
2022-11-06 17:03:50,832:INFO:Uploading model into container now
2022-11-06 17:03:50,832:INFO:create_model_container: 12
2022-11-06 17:03:50,832:INFO:master_model_container: 12
2022-11-06 17:03:50,832:INFO:display_container: 2
2022-11-06 17:03:50,832:INFO:DecisionTreeRegressor(ccp_alpha=0.0, criterion='mse', max_depth=None,
                      max_features=None, max_leaf_nodes=None,
                      min_impurity_decrease=0.0, min_impurity_split=None,
                      min_samples_leaf=1, min_samples_split=2,
                      min_weight_fraction_leaf=0.0, presort='deprecated',
                      random_state=465, splitter='best')
2022-11-06 17:03:50,833:INFO:create_model() succesfully completed......................................
2022-11-06 17:03:50,964:INFO:SubProcess create_model() end ==================================
2022-11-06 17:03:50,964:INFO:Creating metrics dataframe
2022-11-06 17:03:50,984:INFO:Initializing Random Forest Regressor
2022-11-06 17:03:50,984:INFO:Total runtime is 0.14115453561147054 minutes
2022-11-06 17:03:50,996:INFO:SubProcess create_model() called ==================================
2022-11-06 17:03:50,996:INFO:Initializing create_model()
2022-11-06 17:03:50,996:INFO:create_model(estimator=rf, fold=KFold(n_splits=10, random_state=None, shuffle=False), round=4, cross_validation=True, predict=True, fit_kwargs={}, groups=None, refit=False, verbose=False, system=False, metrics=None, add_to_model_list=True, probability_threshold=None, display=<pycaret.internal.Display.Display object at 0x7f2f30f62e50>, kwargs={})
2022-11-06 17:03:50,997:INFO:Checking exceptions
2022-11-06 17:03:50,997:INFO:Importing libraries
2022-11-06 17:03:50,997:INFO:Copying training dataset
2022-11-06 17:03:50,998:INFO:Defining folds
2022-11-06 17:03:50,998:INFO:Declaring metric variables
2022-11-06 17:03:51,007:INFO:Importing untrained model
2022-11-06 17:03:51,015:INFO:Random Forest Regressor Imported succesfully
2022-11-06 17:03:51,031:INFO:Starting cross validation
2022-11-06 17:03:51,032:INFO:Cross validating with KFold(n_splits=10, random_state=None, shuffle=False), n_jobs=-1
2022-11-06 17:03:54,107:INFO:Calculating mean and std
2022-11-06 17:03:54,109:INFO:Creating metrics dataframe
2022-11-06 17:03:54,126:INFO:Uploading results into container
2022-11-06 17:03:54,126:INFO:Uploading model into container now
2022-11-06 17:03:54,126:INFO:create_model_container: 13
2022-11-06 17:03:54,127:INFO:master_model_container: 13
2022-11-06 17:03:54,127:INFO:display_container: 2
2022-11-06 17:03:54,133:INFO:RandomForestRegressor(bootstrap=True, ccp_alpha=0.0, criterion='mse',
                      max_depth=None, max_features='auto', max_leaf_nodes=None,
                      max_samples=None, min_impurity_decrease=0.0,
                      min_impurity_split=None, min_samples_leaf=1,
                      min_samples_split=2, min_weight_fraction_leaf=0.0,
                      n_estimators=100, n_jobs=-1, oob_score=False,
                      random_state=465, verbose=0, warm_start=False)
2022-11-06 17:03:54,133:INFO:create_model() succesfully completed......................................
2022-11-06 17:03:54,294:INFO:SubProcess create_model() end ==================================
2022-11-06 17:03:54,294:INFO:Creating metrics dataframe
2022-11-06 17:03:54,314:INFO:Initializing Extra Trees Regressor
2022-11-06 17:03:54,314:INFO:Total runtime is 0.19666022062301636 minutes
2022-11-06 17:03:54,323:INFO:SubProcess create_model() called ==================================
2022-11-06 17:03:54,323:INFO:Initializing create_model()
2022-11-06 17:03:54,323:INFO:create_model(estimator=et, fold=KFold(n_splits=10, random_state=None, shuffle=False), round=4, cross_validation=True, predict=True, fit_kwargs={}, groups=None, refit=False, verbose=False, system=False, metrics=None, add_to_model_list=True, probability_threshold=None, display=<pycaret.internal.Display.Display object at 0x7f2f30f62e50>, kwargs={})
2022-11-06 17:03:54,323:INFO:Checking exceptions
2022-11-06 17:03:54,323:INFO:Importing libraries
2022-11-06 17:03:54,323:INFO:Copying training dataset
2022-11-06 17:03:54,325:INFO:Defining folds
2022-11-06 17:03:54,325:INFO:Declaring metric variables
2022-11-06 17:03:54,334:INFO:Importing untrained model
2022-11-06 17:03:54,341:INFO:Extra Trees Regressor Imported succesfully
2022-11-06 17:03:54,358:INFO:Starting cross validation
2022-11-06 17:03:54,359:INFO:Cross validating with KFold(n_splits=10, random_state=None, shuffle=False), n_jobs=-1
2022-11-06 17:03:57,315:INFO:Calculating mean and std
2022-11-06 17:03:57,319:INFO:Creating metrics dataframe
2022-11-06 17:03:57,339:INFO:Uploading results into container
2022-11-06 17:03:57,340:INFO:Uploading model into container now
2022-11-06 17:03:57,341:INFO:create_model_container: 14
2022-11-06 17:03:57,341:INFO:master_model_container: 14
2022-11-06 17:03:57,341:INFO:display_container: 2
2022-11-06 17:03:57,343:INFO:ExtraTreesRegressor(bootstrap=False, ccp_alpha=0.0, criterion='mse',
                    max_depth=None, max_features='auto', max_leaf_nodes=None,
                    max_samples=None, min_impurity_decrease=0.0,
                    min_impurity_split=None, min_samples_leaf=1,
                    min_samples_split=2, min_weight_fraction_leaf=0.0,
                    n_estimators=100, n_jobs=-1, oob_score=False,
                    random_state=465, verbose=0, warm_start=False)
2022-11-06 17:03:57,344:INFO:create_model() succesfully completed......................................
2022-11-06 17:03:57,515:INFO:SubProcess create_model() end ==================================
2022-11-06 17:03:57,515:INFO:Creating metrics dataframe
2022-11-06 17:03:57,536:INFO:Initializing AdaBoost Regressor
2022-11-06 17:03:57,537:INFO:Total runtime is 0.25036965211232504 minutes
2022-11-06 17:03:57,548:INFO:SubProcess create_model() called ==================================
2022-11-06 17:03:57,548:INFO:Initializing create_model()
2022-11-06 17:03:57,548:INFO:create_model(estimator=ada, fold=KFold(n_splits=10, random_state=None, shuffle=False), round=4, cross_validation=True, predict=True, fit_kwargs={}, groups=None, refit=False, verbose=False, system=False, metrics=None, add_to_model_list=True, probability_threshold=None, display=<pycaret.internal.Display.Display object at 0x7f2f30f62e50>, kwargs={})
2022-11-06 17:03:57,548:INFO:Checking exceptions
2022-11-06 17:03:57,548:INFO:Importing libraries
2022-11-06 17:03:57,548:INFO:Copying training dataset
2022-11-06 17:03:57,549:INFO:Defining folds
2022-11-06 17:03:57,549:INFO:Declaring metric variables
2022-11-06 17:03:57,560:INFO:Importing untrained model
2022-11-06 17:03:57,572:INFO:AdaBoost Regressor Imported succesfully
2022-11-06 17:03:57,598:INFO:Starting cross validation
2022-11-06 17:03:57,598:INFO:Cross validating with KFold(n_splits=10, random_state=None, shuffle=False), n_jobs=-1
2022-11-06 17:03:57,789:INFO:Calculating mean and std
2022-11-06 17:03:57,790:INFO:Creating metrics dataframe
2022-11-06 17:03:57,795:INFO:Uploading results into container
2022-11-06 17:03:57,795:INFO:Uploading model into container now
2022-11-06 17:03:57,795:INFO:create_model_container: 15
2022-11-06 17:03:57,796:INFO:master_model_container: 15
2022-11-06 17:03:57,796:INFO:display_container: 2
2022-11-06 17:03:57,798:INFO:AdaBoostRegressor(base_estimator=None, learning_rate=1.0, loss='linear',
                  n_estimators=50, random_state=465)
2022-11-06 17:03:57,798:INFO:create_model() succesfully completed......................................
2022-11-06 17:03:57,930:INFO:SubProcess create_model() end ==================================
2022-11-06 17:03:57,930:INFO:Creating metrics dataframe
2022-11-06 17:03:57,951:INFO:Initializing Gradient Boosting Regressor
2022-11-06 17:03:57,951:INFO:Total runtime is 0.25727214813232424 minutes
2022-11-06 17:03:57,961:INFO:SubProcess create_model() called ==================================
2022-11-06 17:03:57,962:INFO:Initializing create_model()
2022-11-06 17:03:57,962:INFO:create_model(estimator=gbr, fold=KFold(n_splits=10, random_state=None, shuffle=False), round=4, cross_validation=True, predict=True, fit_kwargs={}, groups=None, refit=False, verbose=False, system=False, metrics=None, add_to_model_list=True, probability_threshold=None, display=<pycaret.internal.Display.Display object at 0x7f2f30f62e50>, kwargs={})
2022-11-06 17:03:57,962:INFO:Checking exceptions
2022-11-06 17:03:57,962:INFO:Importing libraries
2022-11-06 17:03:57,962:INFO:Copying training dataset
2022-11-06 17:03:57,963:INFO:Defining folds
2022-11-06 17:03:57,963:INFO:Declaring metric variables
2022-11-06 17:03:57,972:INFO:Importing untrained model
2022-11-06 17:03:57,980:INFO:Gradient Boosting Regressor Imported succesfully
2022-11-06 17:03:58,005:INFO:Starting cross validation
2022-11-06 17:03:58,007:INFO:Cross validating with KFold(n_splits=10, random_state=None, shuffle=False), n_jobs=-1
2022-11-06 17:03:58,424:INFO:Calculating mean and std
2022-11-06 17:03:58,426:INFO:Creating metrics dataframe
2022-11-06 17:03:58,432:INFO:Uploading results into container
2022-11-06 17:03:58,432:INFO:Uploading model into container now
2022-11-06 17:03:58,435:INFO:create_model_container: 16
2022-11-06 17:03:58,438:INFO:master_model_container: 16
2022-11-06 17:03:58,438:INFO:display_container: 2
2022-11-06 17:03:58,439:INFO:GradientBoostingRegressor(alpha=0.9, ccp_alpha=0.0, criterion='friedman_mse',
                          init=None, learning_rate=0.1, loss='ls', max_depth=3,
                          max_features=None, max_leaf_nodes=None,
                          min_impurity_decrease=0.0, min_impurity_split=None,
                          min_samples_leaf=1, min_samples_split=2,
                          min_weight_fraction_leaf=0.0, n_estimators=100,
                          n_iter_no_change=None, presort='deprecated',
                          random_state=465, subsample=1.0, tol=0.0001,
                          validation_fraction=0.1, verbose=0, warm_start=False)
2022-11-06 17:03:58,440:INFO:create_model() succesfully completed......................................
2022-11-06 17:03:58,577:INFO:SubProcess create_model() end ==================================
2022-11-06 17:03:58,577:INFO:Creating metrics dataframe
2022-11-06 17:03:58,597:INFO:Initializing Light Gradient Boosting Machine
2022-11-06 17:03:58,597:INFO:Total runtime is 0.26804823875427247 minutes
2022-11-06 17:03:58,608:INFO:SubProcess create_model() called ==================================
2022-11-06 17:03:58,608:INFO:Initializing create_model()
2022-11-06 17:03:58,608:INFO:create_model(estimator=lightgbm, fold=KFold(n_splits=10, random_state=None, shuffle=False), round=4, cross_validation=True, predict=True, fit_kwargs={}, groups=None, refit=False, verbose=False, system=False, metrics=None, add_to_model_list=True, probability_threshold=None, display=<pycaret.internal.Display.Display object at 0x7f2f30f62e50>, kwargs={})
2022-11-06 17:03:58,609:INFO:Checking exceptions
2022-11-06 17:03:58,609:INFO:Importing libraries
2022-11-06 17:03:58,609:INFO:Copying training dataset
2022-11-06 17:03:58,610:INFO:Defining folds
2022-11-06 17:03:58,610:INFO:Declaring metric variables
2022-11-06 17:03:58,622:INFO:Importing untrained model
2022-11-06 17:03:58,635:INFO:Light Gradient Boosting Machine Imported succesfully
2022-11-06 17:03:58,665:INFO:Starting cross validation
2022-11-06 17:03:58,666:INFO:Cross validating with KFold(n_splits=10, random_state=None, shuffle=False), n_jobs=-1
2022-11-06 17:03:59,648:INFO:Calculating mean and std
2022-11-06 17:03:59,649:INFO:Creating metrics dataframe
2022-11-06 17:03:59,653:INFO:Uploading results into container
2022-11-06 17:03:59,653:INFO:Uploading model into container now
2022-11-06 17:03:59,653:INFO:create_model_container: 17
2022-11-06 17:03:59,653:INFO:master_model_container: 17
2022-11-06 17:03:59,653:INFO:display_container: 2
2022-11-06 17:03:59,654:INFO:LGBMRegressor(boosting_type='gbdt', class_weight=None, colsample_bytree=1.0,
              importance_type='split', learning_rate=0.1, max_depth=-1,
              min_child_samples=20, min_child_weight=0.001, min_split_gain=0.0,
              n_estimators=100, n_jobs=-1, num_leaves=31, objective=None,
              random_state=465, reg_alpha=0.0, reg_lambda=0.0, silent='warn',
              subsample=1.0, subsample_for_bin=200000, subsample_freq=0)
2022-11-06 17:03:59,654:INFO:create_model() succesfully completed......................................
2022-11-06 17:03:59,786:INFO:SubProcess create_model() end ==================================
2022-11-06 17:03:59,786:INFO:Creating metrics dataframe
2022-11-06 17:03:59,807:INFO:Initializing Dummy Regressor
2022-11-06 17:03:59,808:INFO:Total runtime is 0.2882175882657369 minutes
2022-11-06 17:03:59,818:INFO:SubProcess create_model() called ==================================
2022-11-06 17:03:59,818:INFO:Initializing create_model()
2022-11-06 17:03:59,818:INFO:create_model(estimator=dummy, fold=KFold(n_splits=10, random_state=None, shuffle=False), round=4, cross_validation=True, predict=True, fit_kwargs={}, groups=None, refit=False, verbose=False, system=False, metrics=None, add_to_model_list=True, probability_threshold=None, display=<pycaret.internal.Display.Display object at 0x7f2f30f62e50>, kwargs={})
2022-11-06 17:03:59,818:INFO:Checking exceptions
2022-11-06 17:03:59,818:INFO:Importing libraries
2022-11-06 17:03:59,819:INFO:Copying training dataset
2022-11-06 17:03:59,819:INFO:Defining folds
2022-11-06 17:03:59,819:INFO:Declaring metric variables
2022-11-06 17:03:59,830:INFO:Importing untrained model
2022-11-06 17:03:59,845:INFO:Dummy Regressor Imported succesfully
2022-11-06 17:03:59,867:INFO:Starting cross validation
2022-11-06 17:03:59,867:INFO:Cross validating with KFold(n_splits=10, random_state=None, shuffle=False), n_jobs=-1
2022-11-06 17:03:59,958:INFO:Calculating mean and std
2022-11-06 17:03:59,959:INFO:Creating metrics dataframe
2022-11-06 17:03:59,963:INFO:Uploading results into container
2022-11-06 17:03:59,963:INFO:Uploading model into container now
2022-11-06 17:03:59,963:INFO:create_model_container: 18
2022-11-06 17:03:59,963:INFO:master_model_container: 18
2022-11-06 17:03:59,963:INFO:display_container: 2
2022-11-06 17:03:59,963:INFO:DummyRegressor(constant=None, quantile=None, strategy='mean')
2022-11-06 17:03:59,963:INFO:create_model() succesfully completed......................................
2022-11-06 17:04:00,101:INFO:SubProcess create_model() end ==================================
2022-11-06 17:04:00,101:INFO:Creating metrics dataframe
2022-11-06 17:04:00,151:INFO:Initializing create_model()
2022-11-06 17:04:00,152:INFO:create_model(estimator=GradientBoostingRegressor(alpha=0.9, ccp_alpha=0.0, criterion='friedman_mse',
                          init=None, learning_rate=0.1, loss='ls', max_depth=3,
                          max_features=None, max_leaf_nodes=None,
                          min_impurity_decrease=0.0, min_impurity_split=None,
                          min_samples_leaf=1, min_samples_split=2,
                          min_weight_fraction_leaf=0.0, n_estimators=100,
                          n_iter_no_change=None, presort='deprecated',
                          random_state=465, subsample=1.0, tol=0.0001,
                          validation_fraction=0.1, verbose=0, warm_start=False), fold=KFold(n_splits=10, random_state=None, shuffle=False), round=4, cross_validation=False, predict=False, fit_kwargs={}, groups=None, refit=True, verbose=False, system=False, metrics=None, add_to_model_list=True, probability_threshold=None, display=None, kwargs={})
2022-11-06 17:04:00,152:INFO:Checking exceptions
2022-11-06 17:04:00,152:INFO:Importing libraries
2022-11-06 17:04:00,152:INFO:Copying training dataset
2022-11-06 17:04:00,152:INFO:Defining folds
2022-11-06 17:04:00,152:INFO:Declaring metric variables
2022-11-06 17:04:00,152:INFO:Importing untrained model
2022-11-06 17:04:00,153:INFO:Declaring custom model
2022-11-06 17:04:00,153:INFO:Gradient Boosting Regressor Imported succesfully
2022-11-06 17:04:00,154:INFO:Cross validation set to False
2022-11-06 17:04:00,154:INFO:Fitting Model
2022-11-06 17:04:00,252:INFO:GradientBoostingRegressor(alpha=0.9, ccp_alpha=0.0, criterion='friedman_mse',
                          init=None, learning_rate=0.1, loss='ls', max_depth=3,
                          max_features=None, max_leaf_nodes=None,
                          min_impurity_decrease=0.0, min_impurity_split=None,
                          min_samples_leaf=1, min_samples_split=2,
                          min_weight_fraction_leaf=0.0, n_estimators=100,
                          n_iter_no_change=None, presort='deprecated',
                          random_state=465, subsample=1.0, tol=0.0001,
                          validation_fraction=0.1, verbose=0, warm_start=False)
2022-11-06 17:04:00,252:INFO:create_models() succesfully completed......................................
2022-11-06 17:04:00,429:INFO:create_model_container: 18
2022-11-06 17:04:00,429:INFO:master_model_container: 18
2022-11-06 17:04:00,429:INFO:display_container: 2
2022-11-06 17:04:00,430:INFO:GradientBoostingRegressor(alpha=0.9, ccp_alpha=0.0, criterion='friedman_mse',
                          init=None, learning_rate=0.1, loss='ls', max_depth=3,
                          max_features=None, max_leaf_nodes=None,
                          min_impurity_decrease=0.0, min_impurity_split=None,
                          min_samples_leaf=1, min_samples_split=2,
                          min_weight_fraction_leaf=0.0, n_estimators=100,
                          n_iter_no_change=None, presort='deprecated',
                          random_state=465, subsample=1.0, tol=0.0001,
                          validation_fraction=0.1, verbose=0, warm_start=False)
2022-11-06 17:04:00,430:INFO:compare_models() succesfully completed......................................
2022-11-06 17:11:14,066:INFO:Initializing plot_model()
2022-11-06 17:11:14,069:INFO:plot_model(fold=None, use_train_data=False, verbose=True, is_in_evaluate=False, display=None, display_format=None, estimator=GradientBoostingRegressor(alpha=0.9, ccp_alpha=0.0, criterion='friedman_mse',
                          init=None, learning_rate=0.1, loss='ls', max_depth=3,
                          max_features=None, max_leaf_nodes=None,
                          min_impurity_decrease=0.0, min_impurity_split=None,
                          min_samples_leaf=1, min_samples_split=2,
                          min_weight_fraction_leaf=0.0, n_estimators=100,
                          n_iter_no_change=None, presort='deprecated',
                          random_state=465, subsample=1.0, tol=0.0001,
                          validation_fraction=0.1, verbose=0, warm_start=False), feature_name=None, fit_kwargs=None, groups=None, label=False, plot=residuals, save=False, scale=1, system=True)
2022-11-06 17:11:14,069:INFO:Checking exceptions
2022-11-06 17:11:14,081:INFO:Preparing display monitor
2022-11-06 17:11:14,112:INFO:Preloading libraries
2022-11-06 17:11:14,141:INFO:Copying training dataset
2022-11-06 17:11:14,142:INFO:Copying test dataset
2022-11-06 17:11:14,143:INFO:Plot type: residuals
2022-11-06 17:11:14,259:INFO:Fitting Model
2022-11-06 17:11:14,300:INFO:Scoring test/hold-out set
2022-11-06 17:11:14,974:INFO:Visual Rendered Successfully
2022-11-06 17:11:15,105:INFO:plot_model() succesfully completed......................................
2022-11-06 17:19:22,016:INFO:Initializing plot_model()
2022-11-06 17:19:22,018:INFO:plot_model(fold=None, use_train_data=False, verbose=True, is_in_evaluate=False, display=None, display_format=None, estimator=GradientBoostingRegressor(alpha=0.9, ccp_alpha=0.0, criterion='friedman_mse',
                          init=None, learning_rate=0.1, loss='ls', max_depth=3,
                          max_features=None, max_leaf_nodes=None,
                          min_impurity_decrease=0.0, min_impurity_split=None,
                          min_samples_leaf=1, min_samples_split=2,
                          min_weight_fraction_leaf=0.0, n_estimators=100,
                          n_iter_no_change=None, presort='deprecated',
                          random_state=465, subsample=1.0, tol=0.0001,
                          validation_fraction=0.1, verbose=0, warm_start=False), feature_name=None, fit_kwargs=None, groups=None, label=False, plot=feature, save=False, scale=1, system=True)
2022-11-06 17:19:22,019:INFO:Checking exceptions
2022-11-06 17:19:22,037:INFO:Preparing display monitor
2022-11-06 17:19:22,069:INFO:Preloading libraries
2022-11-06 17:19:22,087:INFO:Copying training dataset
2022-11-06 17:19:22,088:INFO:Copying test dataset
2022-11-06 17:19:22,088:INFO:Plot type: feature
2022-11-06 17:19:22,094:WARNING:No coef_ found. Trying feature_importances_
2022-11-06 17:19:22,274:INFO:Visual Rendered Successfully
2022-11-06 17:19:22,404:INFO:plot_model() succesfully completed......................................
2022-11-06 17:21:16,042:INFO:Initializing predict_model()
2022-11-06 17:21:16,043:INFO:predict_model(estimator=GradientBoostingRegressor(alpha=0.9, ccp_alpha=0.0, criterion='friedman_mse',
                          init=None, learning_rate=0.1, loss='ls', max_depth=3,
                          max_features=None, max_leaf_nodes=None,
                          min_impurity_decrease=0.0, min_impurity_split=None,
                          min_samples_leaf=1, min_samples_split=2,
                          min_weight_fraction_leaf=0.0, n_estimators=100,
                          n_iter_no_change=None, presort='deprecated',
                          random_state=465, subsample=1.0, tol=0.0001,
                          validation_fraction=0.1, verbose=0, warm_start=False), probability_threshold=None, encoded_labels=True, raw_score=False, round=4, verbose=True, ml_usecase=MLUsecase.REGRESSION, display=None)
2022-11-06 17:21:16,044:INFO:Checking exceptions
2022-11-06 17:21:16,046:INFO:Preloading libraries
2022-11-06 17:21:16,047:INFO:Preparing display monitor
2022-11-06 17:23:50,520:INFO:Initializing predict_model()
2022-11-06 17:23:50,522:INFO:predict_model(estimator=GradientBoostingRegressor(alpha=0.9, ccp_alpha=0.0, criterion='friedman_mse',
                          init=None, learning_rate=0.1, loss='ls', max_depth=3,
                          max_features=None, max_leaf_nodes=None,
                          min_impurity_decrease=0.0, min_impurity_split=None,
                          min_samples_leaf=1, min_samples_split=2,
                          min_weight_fraction_leaf=0.0, n_estimators=100,
                          n_iter_no_change=None, presort='deprecated',
                          random_state=465, subsample=1.0, tol=0.0001,
                          validation_fraction=0.1, verbose=0, warm_start=False), probability_threshold=None, encoded_labels=True, raw_score=False, round=4, verbose=True, ml_usecase=MLUsecase.REGRESSION, display=None)
2022-11-06 17:23:50,523:INFO:Checking exceptions
2022-11-06 17:23:50,523:INFO:Preloading libraries
2022-11-06 17:23:50,523:INFO:Preparing display monitor
2022-11-06 17:25:29,245:INFO:Initializing save_model()
2022-11-06 17:25:29,246:INFO:save_model(model=GradientBoostingRegressor(alpha=0.9, ccp_alpha=0.0, criterion='friedman_mse',
                          init=None, learning_rate=0.1, loss='ls', max_depth=3,
                          max_features=None, max_leaf_nodes=None,
                          min_impurity_decrease=0.0, min_impurity_split=None,
                          min_samples_leaf=1, min_samples_split=2,
                          min_weight_fraction_leaf=0.0, n_estimators=100,
                          n_iter_no_change=None, presort='deprecated',
                          random_state=465, subsample=1.0, tol=0.0001,
                          validation_fraction=0.1, verbose=0, warm_start=False), model_name=my_best_pipline, prep_pipe_=Pipeline(memory=None,
         steps=[('dtypes',
                 DataTypes_Auto_infer(categorical_features=[],
                                      display_types=True, features_todrop=[],
                                      id_columns=[], ml_usecase='regression',
                                      numerical_features=[], target='charges',
                                      time_features=[])),
                ('imputer',
                 Simple_Imputer(categorical_strategy='not_available',
                                fill_value_categorical=None,
                                fill_value_numerical=None,
                                numeric_strategy...
                ('scaling', 'passthrough'), ('P_transform', 'passthrough'),
                ('binn', 'passthrough'), ('rem_outliers', 'passthrough'),
                ('cluster_all', 'passthrough'),
                ('dummy', Dummify(target='charges')),
                ('fix_perfect', Remove_100(target='charges')),
                ('clean_names', Clean_Colum_Names()),
                ('feature_select', 'passthrough'), ('fix_multi', 'passthrough'),
                ('dfs', 'passthrough'), ('pca', 'passthrough')],
         verbose=False), verbose=True, kwargs={})
2022-11-06 17:25:29,246:INFO:Adding model into prep_pipe
2022-11-06 17:25:29,270:INFO:my_best_pipline.pkl saved in current working directory
2022-11-06 17:25:29,279:INFO:Pipeline(memory=None,
         steps=[('dtypes',
                 DataTypes_Auto_infer(categorical_features=[],
                                      display_types=True, features_todrop=[],
                                      id_columns=[], ml_usecase='regression',
                                      numerical_features=[], target='charges',
                                      time_features=[])),
                ('imputer',
                 Simple_Imputer(categorical_strategy='not_available',
                                fill_value_categorical=None,
                                fill_value_numerical=None,
                                numeric_strategy...
                                           learning_rate=0.1, loss='ls',
                                           max_depth=3, max_features=None,
                                           max_leaf_nodes=None,
                                           min_impurity_decrease=0.0,
                                           min_impurity_split=None,
                                           min_samples_leaf=1,
                                           min_samples_split=2,
                                           min_weight_fraction_leaf=0.0,
                                           n_estimators=100,
                                           n_iter_no_change=None,
                                           presort='deprecated',
                                           random_state=465, subsample=1.0,
                                           tol=0.0001, validation_fraction=0.1,
                                           verbose=0, warm_start=False)]],
         verbose=False)
2022-11-06 17:25:29,279:INFO:save_model() successfully completed......................................
2022-11-06 17:28:23,695:INFO:Initializing load_model()
2022-11-06 17:28:23,699:INFO:load_model(model_name=my_best_pipline, platform=None, authentication=None, verbose=True)
2022-11-06 17:29:21,742:INFO:Initializing predict_model()
2022-11-06 17:29:21,746:INFO:predict_model(estimator=<function load_model at 0x7fe736c745f0>, probability_threshold=None, encoded_labels=True, raw_score=False, round=4, verbose=True, ml_usecase=MLUsecase.REGRESSION, display=None)
2022-11-06 17:29:21,746:INFO:Checking exceptions
2022-11-06 17:29:21,747:INFO:Preloading libraries
2022-11-06 17:29:21,749:ERROR:Pipeline not found. Exception:
2022-11-06 17:29:21,760:ERROR:Traceback (most recent call last):
  File "/home/mqasim/anaconda3/lib/python3.7/site-packages/pycaret/internal/tabular.py", line 8717, in predict_model
    dtypes = prep_pipe.named_steps["dtypes"]
NameError: name 'prep_pipe' is not defined

2022-11-06 17:29:35,562:INFO:Initializing load_model()
2022-11-06 17:29:35,563:INFO:load_model(model_name=my_best_pipline, platform=None, authentication=None, verbose=True)
2022-11-06 17:29:46,116:INFO:Initializing predict_model()
2022-11-06 17:29:46,116:INFO:predict_model(estimator=Pipeline(steps=[('dtypes',
                 DataTypes_Auto_infer(ml_usecase='regression',
                                      target='charges')),
                ('imputer',
                 Simple_Imputer(categorical_strategy='not_available',
                                fill_value_categorical=None,
                                fill_value_numerical=None,
                                numeric_strategy='mean',
                                target_variable=None)),
                ('new_levels1',
                 New_Catagorical_Levels_in_TestData(replacement_strategy='least '
                                                                         'frequent',
                                                    target=...
                ('binn', 'passthrough'), ('rem_outliers', 'passthrough'),
                ('cluster_all', 'passthrough'),
                ('dummy', Dummify(target='charges')),
                ('fix_perfect', Remove_100(target='charges')),
                ('clean_names', Clean_Colum_Names()),
                ('feature_select', 'passthrough'), ('fix_multi', 'passthrough'),
                ('dfs', 'passthrough'), ('pca', 'passthrough'),
                ['trained_model', GradientBoostingRegressor(random_state=465)]]), probability_threshold=None, encoded_labels=True, raw_score=False, round=4, verbose=True, ml_usecase=MLUsecase.REGRESSION, display=None)
2022-11-06 17:29:46,117:INFO:Checking exceptions
2022-11-06 17:29:46,117:INFO:Preloading libraries
2022-11-06 17:31:03,084:INFO:Initializing predict_model()
2022-11-06 17:31:03,086:INFO:predict_model(estimator=Pipeline(steps=[('dtypes',
                 DataTypes_Auto_infer(ml_usecase='regression',
                                      target='charges')),
                ('imputer',
                 Simple_Imputer(categorical_strategy='not_available',
                                fill_value_categorical=None,
                                fill_value_numerical=None,
                                numeric_strategy='mean',
                                target_variable=None)),
                ('new_levels1',
                 New_Catagorical_Levels_in_TestData(replacement_strategy='least '
                                                                         'frequent',
                                                    target=...
                ('binn', 'passthrough'), ('rem_outliers', 'passthrough'),
                ('cluster_all', 'passthrough'),
                ('dummy', Dummify(target='charges')),
                ('fix_perfect', Remove_100(target='charges')),
                ('clean_names', Clean_Colum_Names()),
                ('feature_select', 'passthrough'), ('fix_multi', 'passthrough'),
                ('dfs', 'passthrough'), ('pca', 'passthrough'),
                ['trained_model', GradientBoostingRegressor(random_state=465)]]), probability_threshold=None, encoded_labels=True, raw_score=False, round=4, verbose=True, ml_usecase=MLUsecase.REGRESSION, display=None)
2022-11-06 17:31:03,086:INFO:Checking exceptions
2022-11-06 17:31:03,087:INFO:Preloading libraries
